30/Jun/2024:13:07:30 [APPLICATION] Email sent successfully to test@example.com with subject "Verify Your Email"
30/Jun/2024:13:07:31 [APPLICATION] Email sent successfully to reset@example.com with subject "Password Reset"
30/Jun/2024:13:07:31 [APPLICATION] Email sent successfully to basket@example.com with subject "Your Basket"
30/Jun/2024:13:07:31 [APPLICATION] Email sent successfully to campaign@example.com with subject "New Campaign"
30/Jun/2024:13:07:31 [APPLICATION] Email sent successfully to service@example.com with subject "Help Needed"
30/Jun/2024:13:11:05 [APPLICATION] Email sent successfully to test@example.com with subject "Verify Your Email"
30/Jun/2024:13:11:05 [APPLICATION] Email sent successfully to reset@example.com with subject "Password Reset"
30/Jun/2024:13:11:05 [APPLICATION] Email sent successfully to basket@example.com with subject "Your Basket"
30/Jun/2024:13:11:05 [APPLICATION] Email sent successfully to campaign@example.com with subject "New Campaign"
30/Jun/2024:13:11:05 [APPLICATION] Email sent successfully to service@example.com with subject "Help Needed"
30/Jun/2024:13:11:25 [APPLICATION] Email sent successfully to test@example.com with subject "Verify Your Email"
30/Jun/2024:13:11:25 [APPLICATION] Email sent successfully to reset@example.com with subject "Password Reset"
30/Jun/2024:13:11:25 [APPLICATION] Email sent successfully to basket@example.com with subject "Your Basket"
30/Jun/2024:13:11:25 [APPLICATION] Email sent successfully to campaign@example.com with subject "New Campaign"
30/Jun/2024:13:11:25 [APPLICATION] Email sent successfully to service@example.com with subject "Help Needed"
30/Jun/2024:13:12:15 [APPLICATION] Email sent successfully to test@example.com with subject "Verify Your Email"
30/Jun/2024:13:12:15 [APPLICATION] Email sent successfully to reset@example.com with subject "Password Reset"
30/Jun/2024:13:12:15 [APPLICATION] Email sent successfully to basket@example.com with subject "Your Basket"
30/Jun/2024:13:12:15 [APPLICATION] Email sent successfully to campaign@example.com with subject "New Campaign"
30/Jun/2024:13:12:15 [APPLICATION] Email sent successfully to service@example.com with subject "Help Needed"
30/Jun/2024:13:13:07 [APPLICATION] Email sent successfully to test@example.com with subject "Verify Your Email"
30/Jun/2024:13:13:07 [APPLICATION] Email sent successfully to reset@example.com with subject "Password Reset"
30/Jun/2024:13:13:07 [APPLICATION] Email sent successfully to basket@example.com with subject "Your Basket"
30/Jun/2024:13:13:07 [APPLICATION] Email sent successfully to campaign@example.com with subject "New Campaign"
30/Jun/2024:13:13:07 [APPLICATION] Email sent successfully to service@example.com with subject "Help Needed"
30/Jun/2024:13:13:52 [APPLICATION] Email sent successfully to test@example.com with subject "Verify Your Email"
30/Jun/2024:13:13:52 [APPLICATION] Email sent successfully to reset@example.com with subject "Password Reset"
30/Jun/2024:13:13:52 [APPLICATION] Email sent successfully to basket@example.com with subject "Your Basket"
30/Jun/2024:13:13:52 [APPLICATION] Email sent successfully to campaign@example.com with subject "New Campaign"
30/Jun/2024:13:13:52 [APPLICATION] Email sent successfully to service@example.com with subject "Help Needed"
30/Jun/2024:13:14:26 [APPLICATION] Email sent successfully to test@example.com with subject "Verify Your Email"
30/Jun/2024:13:14:26 [APPLICATION] Email sent successfully to reset@example.com with subject "Password Reset"
30/Jun/2024:13:14:26 [APPLICATION] Email sent successfully to basket@example.com with subject "Your Basket"
30/Jun/2024:13:14:26 [APPLICATION] Email sent successfully to campaign@example.com with subject "New Campaign"
30/Jun/2024:13:14:26 [APPLICATION] Email sent successfully to service@example.com with subject "Help Needed"
30/Jun/2024:15:27:45 [APPLICATION] Email sent successfully to test@example.com with subject "Verify Your Email"
30/Jun/2024:15:27:45 [APPLICATION] Email sent successfully to reset@example.com with subject "Password Reset"
30/Jun/2024:15:27:45 [APPLICATION] Email sent successfully to basket@example.com with subject "Your Basket"
30/Jun/2024:15:27:45 [APPLICATION] Email sent successfully to campaign@example.com with subject "New Campaign"
30/Jun/2024:15:27:45 [APPLICATION] Email sent successfully to service@example.com with subject "Help Needed"
30/Jun/2024:15:32:53 [APPLICATION] Email sent successfully to test@example.com with subject "Verify Your Email"
30/Jun/2024:15:32:53 [APPLICATION] Email sent successfully to reset@example.com with subject "Password Reset"
30/Jun/2024:15:32:53 [APPLICATION] Email sent successfully to basket@example.com with subject "Your Basket"
30/Jun/2024:15:32:53 [APPLICATION] Email sent successfully to campaign@example.com with subject "New Campaign"
30/Jun/2024:15:32:53 [APPLICATION] Email sent successfully to service@example.com with subject "Help Needed"
30/Jun/2024:15:35:37 [APPLICATION] Email sent successfully to test@example.com with subject "Verify Your Email"
30/Jun/2024:15:35:37 [APPLICATION] Email sent successfully to reset@example.com with subject "Password Reset"
30/Jun/2024:15:35:37 [APPLICATION] Email sent successfully to basket@example.com with subject "Your Basket"
30/Jun/2024:15:35:37 [APPLICATION] Email sent successfully to campaign@example.com with subject "New Campaign"
30/Jun/2024:15:35:37 [APPLICATION] Email sent successfully to service@example.com with subject "Help Needed"
30/Jun/2024:15:38:02 [APPLICATION] Email sent successfully to test@example.com with subject "Verify Your Email"
30/Jun/2024:15:38:02 [APPLICATION] Email sent successfully to reset@example.com with subject "Password Reset"
30/Jun/2024:15:38:02 [APPLICATION] Email sent successfully to basket@example.com with subject "Your Basket"
30/Jun/2024:15:38:02 [APPLICATION] Email sent successfully to campaign@example.com with subject "New Campaign"
30/Jun/2024:15:38:02 [APPLICATION] Email sent successfully to service@example.com with subject "Help Needed"
30/Jun/2024:15:39:51 [APPLICATION] Email sent successfully to test@example.com with subject "Verify Your Email"
30/Jun/2024:15:39:51 [APPLICATION] Email sent successfully to reset@example.com with subject "Password Reset"
30/Jun/2024:15:39:51 [APPLICATION] Email sent successfully to basket@example.com with subject "Your Basket"
30/Jun/2024:15:39:51 [APPLICATION] Email sent successfully to campaign@example.com with subject "New Campaign"
30/Jun/2024:15:39:51 [APPLICATION] Email sent successfully to service@example.com with subject "Help Needed"
30/Jun/2024:15:40:32 [APPLICATION] Email sent successfully to test@example.com with subject "Verify Your Email"
30/Jun/2024:15:40:32 [APPLICATION] Email sent successfully to reset@example.com with subject "Password Reset"
30/Jun/2024:15:40:32 [APPLICATION] Email sent successfully to basket@example.com with subject "Your Basket"
30/Jun/2024:15:40:32 [APPLICATION] Email sent successfully to campaign@example.com with subject "New Campaign"
30/Jun/2024:15:40:32 [APPLICATION] Email sent successfully to service@example.com with subject "Help Needed"
30/Jun/2024:15:47:18 [APPLICATION] Email sent successfully to test@example.com with subject "Verify Your Email"
30/Jun/2024:15:47:18 [APPLICATION] Email sent successfully to reset@example.com with subject "Password Reset"
30/Jun/2024:15:47:18 [APPLICATION] Email sent successfully to basket@example.com with subject "Your Basket"
30/Jun/2024:15:47:18 [APPLICATION] Email sent successfully to campaign@example.com with subject "New Campaign"
30/Jun/2024:15:47:18 [APPLICATION] Email sent successfully to service@example.com with subject "Help Needed"
30/Jun/2024:15:51:01 [APPLICATION] Email sent successfully to test@example.com with subject "Verify Your Email"
30/Jun/2024:15:51:01 [APPLICATION] Email sent successfully to reset@example.com with subject "Password Reset"
30/Jun/2024:15:51:01 [APPLICATION] Email sent successfully to basket@example.com with subject "Your Basket"
30/Jun/2024:15:51:01 [APPLICATION] Email sent successfully to campaign@example.com with subject "New Campaign"
30/Jun/2024:15:51:01 [APPLICATION] Email sent successfully to service@example.com with subject "Help Needed"
30/Jun/2024:15:53:45 [APPLICATION] Email sent successfully to test@example.com with subject "Verify Your Email"
30/Jun/2024:15:53:45 [APPLICATION] Email sent successfully to reset@example.com with subject "Password Reset"
30/Jun/2024:15:53:45 [APPLICATION] Email sent successfully to basket@example.com with subject "Your Basket"
30/Jun/2024:15:53:45 [APPLICATION] Email sent successfully to campaign@example.com with subject "New Campaign"
30/Jun/2024:15:53:45 [APPLICATION] Email sent successfully to service@example.com with subject "Help Needed"
30/Jun/2024:15:55:53 [APPLICATION] Email sent successfully to test@example.com with subject "Verify Your Email"
30/Jun/2024:15:55:53 [APPLICATION] Email sent successfully to reset@example.com with subject "Password Reset"
30/Jun/2024:15:55:53 [APPLICATION] Email sent successfully to basket@example.com with subject "Your Basket"
30/Jun/2024:15:55:53 [APPLICATION] Email sent successfully to campaign@example.com with subject "New Campaign"
30/Jun/2024:15:55:53 [APPLICATION] Email sent successfully to service@example.com with subject "Help Needed"
30/Jun/2024:15:58:23 [APPLICATION] Email sent successfully to test@example.com with subject "Verify Your Email"
30/Jun/2024:15:58:23 [APPLICATION] Email sent successfully to reset@example.com with subject "Password Reset"
30/Jun/2024:15:58:23 [APPLICATION] Email sent successfully to basket@example.com with subject "Your Basket"
30/Jun/2024:15:58:23 [APPLICATION] Email sent successfully to campaign@example.com with subject "New Campaign"
30/Jun/2024:15:58:23 [APPLICATION] Email sent successfully to service@example.com with subject "Help Needed"
