28/Jun/2024:12:39:08 [ERROR] Failed to send email to test@example.com: Error: Failed to send email [Origin File: /home/mute/Documents/js/e-commerce_back-end/dist/Email_Service/Index.controller.js] [Client IP: undefined] [undefined undefined]
28/Jun/2024:12:39:11 [ERROR] Failed to send email to mute@localhost: Error: Failed to send email [Origin File: /home/mute/Documents/js/e-commerce_back-end/src/Email_Service/Index.controller.ts] [Client IP: undefined] [undefined undefined]
28/Jun/2024:12:39:11 [ERROR] Invalid product data provided for creation [Origin File: /home/mute/Documents/js/e-commerce_back-end/src/Product_Service/Index.controller.ts] [Client IP: undefined] [undefined undefined]
28/Jun/2024:12:39:11 [ERROR] Invalid product data provided for creation [Origin File: /home/mute/Documents/js/e-commerce_back-end/src/Product_Service/Index.controller.ts] [Client IP: undefined] [undefined undefined]
28/Jun/2024:12:39:11 [ERROR] Product ID is required for update [Origin File: /home/mute/Documents/js/e-commerce_back-end/src/Product_Service/Index.controller.ts] [Client IP: undefined] [undefined undefined]
28/Jun/2024:12:39:11 [ERROR] Error updating product with ID 1: Error: Database error [Origin File: /home/mute/Documents/js/e-commerce_back-end/src/Product_Service/Index.controller.ts] [Client IP: undefined] [undefined undefined]
28/Jun/2024:12:39:11 [ERROR] Missing required fields for account creation [Origin File: /home/mute/Documents/js/e-commerce_back-end/src/Account_Service/Index.controller.ts] [Client IP: undefined] [undefined undefined]
28/Jun/2024:12:39:11 [ERROR] Account ID is required for update [Origin File: /home/mute/Documents/js/e-commerce_back-end/src/Account_Service/Index.controller.ts] [Client IP: undefined] [undefined undefined]
28/Jun/2024:12:39:11 [ERROR] Error deleting account: Error: Database error [Origin File: /home/mute/Documents/js/e-commerce_back-end/src/Account_Service/Index.controller.ts] [Client IP: undefined] [undefined undefined]
28/Jun/2024:12:39:11 [ERROR] Error checking account verification status: Error: Database error [Origin File: /home/mute/Documents/js/e-commerce_back-end/src/Account_Service/Index.controller.ts] [Client IP: undefined] [undefined undefined]
28/Jun/2024:12:40:29 [ERROR] Failed to send email to test@example.com: Error: Failed to send email [Origin File: /home/mute/Documents/js/e-commerce_back-end/dist/Email_Service/Index.controller.js] [Client IP: undefined] [undefined undefined]
28/Jun/2024:12:40:31 [ERROR] Failed to send email to mute@localhost: Error: Failed to send email [Origin File: /home/mute/Documents/js/e-commerce_back-end/src/Email_Service/Index.controller.ts] [Client IP: undefined] [undefined undefined]
28/Jun/2024:12:40:31 [ERROR] Missing required fields for account creation [Origin File: /home/mute/Documents/js/e-commerce_back-end/src/Account_Service/Index.controller.ts] [Client IP: undefined] [undefined undefined]
28/Jun/2024:12:40:31 [ERROR] Account ID is required for update [Origin File: /home/mute/Documents/js/e-commerce_back-end/src/Account_Service/Index.controller.ts] [Client IP: undefined] [undefined undefined]
28/Jun/2024:12:40:31 [ERROR] Error deleting account: Error: Database error [Origin File: /home/mute/Documents/js/e-commerce_back-end/src/Account_Service/Index.controller.ts] [Client IP: undefined] [undefined undefined]
28/Jun/2024:12:40:32 [ERROR] Error checking account verification status: Error: Database error [Origin File: /home/mute/Documents/js/e-commerce_back-end/src/Account_Service/Index.controller.ts] [Client IP: undefined] [undefined undefined]
28/Jun/2024:12:40:32 [ERROR] Invalid product data provided for creation [Origin File: /home/mute/Documents/js/e-commerce_back-end/src/Product_Service/Index.controller.ts] [Client IP: undefined] [undefined undefined]
28/Jun/2024:12:40:32 [ERROR] Invalid product data provided for creation [Origin File: /home/mute/Documents/js/e-commerce_back-end/src/Product_Service/Index.controller.ts] [Client IP: undefined] [undefined undefined]
28/Jun/2024:12:40:32 [ERROR] Product ID is required for update [Origin File: /home/mute/Documents/js/e-commerce_back-end/src/Product_Service/Index.controller.ts] [Client IP: undefined] [undefined undefined]
28/Jun/2024:12:40:32 [ERROR] Error updating product with ID 1: Error: Database error [Origin File: /home/mute/Documents/js/e-commerce_back-end/src/Product_Service/Index.controller.ts] [Client IP: undefined] [undefined undefined]
28/Jun/2024:12:41:07 [ERROR] Failed to send email to test@example.com: Error: Failed to send email [Origin File: /home/mute/Documents/js/e-commerce_back-end/dist/Email_Service/Index.controller.js] [Client IP: undefined] [undefined undefined]
28/Jun/2024:12:41:09 [ERROR] Failed to send email to mute@localhost: Error: Failed to send email [Origin File: /home/mute/Documents/js/e-commerce_back-end/src/Email_Service/Index.controller.ts] [Client IP: undefined] [undefined undefined]
28/Jun/2024:12:41:09 [ERROR] Missing required fields for account creation [Origin File: /home/mute/Documents/js/e-commerce_back-end/src/Account_Service/Index.controller.ts] [Client IP: undefined] [undefined undefined]
28/Jun/2024:12:41:09 [ERROR] Account ID is required for update [Origin File: /home/mute/Documents/js/e-commerce_back-end/src/Account_Service/Index.controller.ts] [Client IP: undefined] [undefined undefined]
28/Jun/2024:12:41:09 [ERROR] Error deleting account: Error: Database error [Origin File: /home/mute/Documents/js/e-commerce_back-end/src/Account_Service/Index.controller.ts] [Client IP: undefined] [undefined undefined]
28/Jun/2024:12:41:09 [ERROR] Error checking account verification status: Error: Database error [Origin File: /home/mute/Documents/js/e-commerce_back-end/src/Account_Service/Index.controller.ts] [Client IP: undefined] [undefined undefined]
28/Jun/2024:12:41:09 [ERROR] Invalid product data provided for creation [Origin File: /home/mute/Documents/js/e-commerce_back-end/src/Product_Service/Index.controller.ts] [Client IP: undefined] [undefined undefined]
28/Jun/2024:12:41:09 [ERROR] Invalid product data provided for creation [Origin File: /home/mute/Documents/js/e-commerce_back-end/src/Product_Service/Index.controller.ts] [Client IP: undefined] [undefined undefined]
28/Jun/2024:12:41:09 [ERROR] Product ID is required for update [Origin File: /home/mute/Documents/js/e-commerce_back-end/src/Product_Service/Index.controller.ts] [Client IP: undefined] [undefined undefined]
28/Jun/2024:12:41:09 [ERROR] Error updating product with ID 1: Error: Database error [Origin File: /home/mute/Documents/js/e-commerce_back-end/src/Product_Service/Index.controller.ts] [Client IP: undefined] [undefined undefined]
28/Jun/2024:12:44:14 [ERROR] Failed to send email to test@example.com: Error: Failed to send email [Origin File: /home/mute/Documents/js/e-commerce_back-end/dist/Email_Service/Index.controller.js] [Client IP: undefined] [undefined undefined]
28/Jun/2024:12:44:17 [ERROR] Failed to send email to mute@localhost: Error: Failed to send email [Origin File: /home/mute/Documents/js/e-commerce_back-end/src/Email_Service/Index.controller.ts] [Client IP: undefined] [undefined undefined]
28/Jun/2024:12:44:17 [ERROR] Missing required fields for account creation [Origin File: /home/mute/Documents/js/e-commerce_back-end/src/Account_Service/Index.controller.ts] [Client IP: undefined] [undefined undefined]
28/Jun/2024:12:44:17 [ERROR] Account ID is required for update [Origin File: /home/mute/Documents/js/e-commerce_back-end/src/Account_Service/Index.controller.ts] [Client IP: undefined] [undefined undefined]
28/Jun/2024:12:44:17 [ERROR] Error deleting account: Error: Database error [Origin File: /home/mute/Documents/js/e-commerce_back-end/src/Account_Service/Index.controller.ts] [Client IP: undefined] [undefined undefined]
28/Jun/2024:12:44:17 [ERROR] Error checking account verification status: Error: Database error [Origin File: /home/mute/Documents/js/e-commerce_back-end/src/Account_Service/Index.controller.ts] [Client IP: undefined] [undefined undefined]
28/Jun/2024:12:44:17 [ERROR] Invalid product data provided for creation [Origin File: /home/mute/Documents/js/e-commerce_back-end/src/Product_Service/Index.controller.ts] [Client IP: undefined] [undefined undefined]
28/Jun/2024:12:44:17 [ERROR] Invalid product data provided for creation [Origin File: /home/mute/Documents/js/e-commerce_back-end/src/Product_Service/Index.controller.ts] [Client IP: undefined] [undefined undefined]
28/Jun/2024:12:44:17 [ERROR] Product ID is required for update [Origin File: /home/mute/Documents/js/e-commerce_back-end/src/Product_Service/Index.controller.ts] [Client IP: undefined] [undefined undefined]
28/Jun/2024:12:44:17 [ERROR] Error updating product with ID 1: Error: Database error [Origin File: /home/mute/Documents/js/e-commerce_back-end/src/Product_Service/Index.controller.ts] [Client IP: undefined] [undefined undefined]
28/Jun/2024:12:45:40 [ERROR] Failed to send email to test@example.com: Error: Failed to send email [Origin File: /home/mute/Documents/js/e-commerce_back-end/dist/Email_Service/Index.controller.js] [Client IP: undefined] [undefined undefined]
28/Jun/2024:12:45:42 [ERROR] Failed to send email to mute@localhost: Error: Failed to send email [Origin File: /home/mute/Documents/js/e-commerce_back-end/src/Email_Service/Index.controller.ts] [Client IP: undefined] [undefined undefined]
28/Jun/2024:12:45:42 [ERROR] Missing required fields for account creation [Origin File: /home/mute/Documents/js/e-commerce_back-end/src/Account_Service/Index.controller.ts] [Client IP: undefined] [undefined undefined]
28/Jun/2024:12:45:42 [ERROR] Account ID is required for update [Origin File: /home/mute/Documents/js/e-commerce_back-end/src/Account_Service/Index.controller.ts] [Client IP: undefined] [undefined undefined]
28/Jun/2024:12:45:42 [ERROR] Error deleting account: Error: Database error [Origin File: /home/mute/Documents/js/e-commerce_back-end/src/Account_Service/Index.controller.ts] [Client IP: undefined] [undefined undefined]
28/Jun/2024:12:45:42 [ERROR] Error checking account verification status: Error: Database error [Origin File: /home/mute/Documents/js/e-commerce_back-end/src/Account_Service/Index.controller.ts] [Client IP: undefined] [undefined undefined]
28/Jun/2024:12:45:42 [ERROR] Invalid product data provided for creation [Origin File: /home/mute/Documents/js/e-commerce_back-end/src/Product_Service/Index.controller.ts] [Client IP: undefined] [undefined undefined]
28/Jun/2024:12:45:42 [ERROR] Invalid product data provided for creation [Origin File: /home/mute/Documents/js/e-commerce_back-end/src/Product_Service/Index.controller.ts] [Client IP: undefined] [undefined undefined]
28/Jun/2024:12:45:42 [ERROR] Product ID is required for update [Origin File: /home/mute/Documents/js/e-commerce_back-end/src/Product_Service/Index.controller.ts] [Client IP: undefined] [undefined undefined]
28/Jun/2024:12:45:42 [ERROR] Error updating product with ID 1: Error: Database error [Origin File: /home/mute/Documents/js/e-commerce_back-end/src/Product_Service/Index.controller.ts] [Client IP: undefined] [undefined undefined]
28/Jun/2024:13:18:10 [ERROR] Failed to send email to test@example.com: Error: Failed to send email [Origin File: /home/mute/Documents/js/e-commerce_back-end/dist/Email_Service/Index.controller.js] [Client IP: undefined] [undefined undefined]
28/Jun/2024:13:18:12 [ERROR] Failed to send email to mute@localhost: Error: Failed to send email [Origin File: /home/mute/Documents/js/e-commerce_back-end/src/Email_Service/Index.controller.ts] [Client IP: undefined] [undefined undefined]
28/Jun/2024:13:18:12 [ERROR] Invalid product data provided for creation [Origin File: /home/mute/Documents/js/e-commerce_back-end/src/Product_Service/Index.controller.ts] [Client IP: undefined] [undefined undefined]
28/Jun/2024:13:18:12 [ERROR] Invalid product data provided for creation [Origin File: /home/mute/Documents/js/e-commerce_back-end/src/Product_Service/Index.controller.ts] [Client IP: undefined] [undefined undefined]
28/Jun/2024:13:18:12 [ERROR] Product with ID 999 not found [Origin File: /home/mute/Documents/js/e-commerce_back-end/src/Product_Service/Index.controller.ts] [Client IP: undefined] [undefined undefined]
28/Jun/2024:13:18:12 [ERROR] Product ID is required for update [Origin File: /home/mute/Documents/js/e-commerce_back-end/src/Product_Service/Index.controller.ts] [Client IP: undefined] [undefined undefined]
28/Jun/2024:13:18:12 [ERROR] Error updating product with ID 1: Error: Database error [Origin File: /home/mute/Documents/js/e-commerce_back-end/src/Product_Service/Index.controller.ts] [Client IP: undefined] [undefined undefined]
28/Jun/2024:13:18:12 [ERROR] Product with ID 5 not found [Origin File: /home/mute/Documents/js/e-commerce_back-end/src/Product_Service/Index.controller.ts] [Client IP: undefined] [undefined undefined]
28/Jun/2024:13:32:30 [ERROR] Failed to send email to test@example.com: Error: Failed to send email [Origin File: /home/mute/Documents/js/e-commerce_back-end/dist/Email_Service/Index.controller.js] [Client IP: undefined] [undefined undefined]
28/Jun/2024:13:32:32 [ERROR] Failed to send email to mute@localhost: Error: Failed to send email [Origin File: /home/mute/Documents/js/e-commerce_back-end/src/Email_Service/Index.controller.ts] [Client IP: undefined] [undefined undefined]
28/Jun/2024:13:32:32 [ERROR] Invalid product data provided for creation [Origin File: /home/mute/Documents/js/e-commerce_back-end/src/Product_Service/Index.controller.ts] [Client IP: undefined] [undefined undefined]
28/Jun/2024:13:32:32 [ERROR] Invalid product data provided for creation [Origin File: /home/mute/Documents/js/e-commerce_back-end/src/Product_Service/Index.controller.ts] [Client IP: undefined] [undefined undefined]
28/Jun/2024:13:32:32 [ERROR] Product with ID 999 not found [Origin File: /home/mute/Documents/js/e-commerce_back-end/src/Product_Service/Index.controller.ts] [Client IP: undefined] [undefined undefined]
28/Jun/2024:13:32:32 [ERROR] Product ID is required for update [Origin File: /home/mute/Documents/js/e-commerce_back-end/src/Product_Service/Index.controller.ts] [Client IP: undefined] [undefined undefined]
28/Jun/2024:13:32:32 [ERROR] Error updating product with ID 1: Error: Database error [Origin File: /home/mute/Documents/js/e-commerce_back-end/src/Product_Service/Index.controller.ts] [Client IP: undefined] [undefined undefined]
28/Jun/2024:13:32:32 [ERROR] Product with ID 5 not found [Origin File: /home/mute/Documents/js/e-commerce_back-end/src/Product_Service/Index.controller.ts] [Client IP: undefined] [undefined undefined]
28/Jun/2024:13:35:26 [ERROR] Failed to send email to test@example.com: Error: Failed to send email [Origin File: /home/mute/Documents/js/e-commerce_back-end/dist/Email_Service/Index.controller.js] [Client IP: undefined] [undefined undefined]
28/Jun/2024:13:35:28 [ERROR] Failed to send email to mute@localhost: Error: Failed to send email [Origin File: /home/mute/Documents/js/e-commerce_back-end/src/Email_Service/Index.controller.ts] [Client IP: undefined] [undefined undefined]
28/Jun/2024:13:35:28 [ERROR] Invalid product data provided for creation [Origin File: /home/mute/Documents/js/e-commerce_back-end/src/Product_Service/Index.controller.ts] [Client IP: undefined] [undefined undefined]
28/Jun/2024:13:35:28 [ERROR] Invalid product data provided for creation [Origin File: /home/mute/Documents/js/e-commerce_back-end/src/Product_Service/Index.controller.ts] [Client IP: undefined] [undefined undefined]
28/Jun/2024:13:35:28 [ERROR] Product with ID 999 not found [Origin File: /home/mute/Documents/js/e-commerce_back-end/src/Product_Service/Index.controller.ts] [Client IP: undefined] [undefined undefined]
28/Jun/2024:13:35:28 [ERROR] Product ID is required for update [Origin File: /home/mute/Documents/js/e-commerce_back-end/src/Product_Service/Index.controller.ts] [Client IP: undefined] [undefined undefined]
28/Jun/2024:13:35:28 [ERROR] Error updating product with ID 1: Error: Database error [Origin File: /home/mute/Documents/js/e-commerce_back-end/src/Product_Service/Index.controller.ts] [Client IP: undefined] [undefined undefined]
28/Jun/2024:13:35:28 [ERROR] Product with ID 5 not found [Origin File: /home/mute/Documents/js/e-commerce_back-end/src/Product_Service/Index.controller.ts] [Client IP: undefined] [undefined undefined]
28/Jun/2024:13:39:19 [ERROR] Failed to send email to test@example.com: Error: Failed to send email [Origin File: /home/mute/Documents/js/e-commerce_back-end/dist/Email_Service/Index.controller.js] [Client IP: undefined] [undefined undefined]
28/Jun/2024:13:39:22 [ERROR] Failed to send email to mute@localhost: Error: Failed to send email [Origin File: /home/mute/Documents/js/e-commerce_back-end/src/Email_Service/Index.controller.ts] [Client IP: undefined] [undefined undefined]
28/Jun/2024:13:39:22 [ERROR] Invalid product data provided for creation [Origin File: /home/mute/Documents/js/e-commerce_back-end/src/Product_Service/Index.controller.ts] [Client IP: undefined] [undefined undefined]
28/Jun/2024:13:39:22 [ERROR] Invalid product data provided for creation [Origin File: /home/mute/Documents/js/e-commerce_back-end/src/Product_Service/Index.controller.ts] [Client IP: undefined] [undefined undefined]
28/Jun/2024:13:39:22 [ERROR] Product with ID 999 not found [Origin File: /home/mute/Documents/js/e-commerce_back-end/src/Product_Service/Index.controller.ts] [Client IP: undefined] [undefined undefined]
28/Jun/2024:13:39:22 [ERROR] Product ID is required for update [Origin File: /home/mute/Documents/js/e-commerce_back-end/src/Product_Service/Index.controller.ts] [Client IP: undefined] [undefined undefined]
28/Jun/2024:13:39:22 [ERROR] Error updating product with ID 1: Error: Database error [Origin File: /home/mute/Documents/js/e-commerce_back-end/src/Product_Service/Index.controller.ts] [Client IP: undefined] [undefined undefined]
28/Jun/2024:13:39:22 [ERROR] Product with ID 5 not found [Origin File: /home/mute/Documents/js/e-commerce_back-end/src/Product_Service/Index.controller.ts] [Client IP: undefined] [undefined undefined]
28/Jun/2024:13:44:46 [ERROR] Failed to send email to test@example.com: Error: Failed to send email [Origin File: /home/mute/Documents/js/e-commerce_back-end/dist/Email_Service/Index.controller.js] [Client IP: undefined] [undefined undefined]
28/Jun/2024:13:44:48 [ERROR] Invalid product data provided for creation [Origin File: /home/mute/Documents/js/e-commerce_back-end/src/Product_Service/Index.controller.ts] [Client IP: undefined] [undefined undefined]
28/Jun/2024:13:44:48 [ERROR] Invalid product data provided for creation [Origin File: /home/mute/Documents/js/e-commerce_back-end/src/Product_Service/Index.controller.ts] [Client IP: undefined] [undefined undefined]
28/Jun/2024:13:44:48 [ERROR] Product with ID 999 not found [Origin File: /home/mute/Documents/js/e-commerce_back-end/src/Product_Service/Index.controller.ts] [Client IP: undefined] [undefined undefined]
28/Jun/2024:13:44:48 [ERROR] Product ID is required for update [Origin File: /home/mute/Documents/js/e-commerce_back-end/src/Product_Service/Index.controller.ts] [Client IP: undefined] [undefined undefined]
28/Jun/2024:13:44:48 [ERROR] Error updating product with ID 1: Error: Database error [Origin File: /home/mute/Documents/js/e-commerce_back-end/src/Product_Service/Index.controller.ts] [Client IP: undefined] [undefined undefined]
28/Jun/2024:13:44:48 [ERROR] Product with ID 5 not found [Origin File: /home/mute/Documents/js/e-commerce_back-end/src/Product_Service/Index.controller.ts] [Client IP: undefined] [undefined undefined]
28/Jun/2024:13:44:48 [ERROR] Failed to send email to mute@localhost: Error: Failed to send email [Origin File: /home/mute/Documents/js/e-commerce_back-end/src/Email_Service/Index.controller.ts] [Client IP: undefined] [undefined undefined]
28/Jun/2024:17:01:50 [ERROR] Failed to send email to test@example.com: Error: Failed to send email [Origin File: /home/mute/Documents/js/e-commerce_back-end/dist/Email_Service/Index.controller.js] [Client IP: undefined] [undefined undefined]
28/Jun/2024:17:01:53 [ERROR] Error validating API key format: Error: Invalid API key format [Origin File: /home/mute/Documents/js/e-commerce_back-end/src/Validation_Service/Index.controller.ts] [Client IP: undefined] [undefined undefined]
28/Jun/2024:17:01:53 [ERROR] Error validating refresh token format: Error: Invalid refresh token signature [Origin File: /home/mute/Documents/js/e-commerce_back-end/src/Validation_Service/Index.controller.ts] [Client IP: undefined] [undefined undefined]
28/Jun/2024:17:01:53 [ERROR] Error validating API key format: Error: Invalid API key format [Origin File: /home/mute/Documents/js/e-commerce_back-end/src/Validation_Service/Index.controller.ts] [Client IP: undefined] [undefined undefined]
28/Jun/2024:17:01:53 [ERROR] Error validating refresh token format: Error: Invalid refresh token format [Origin File: /home/mute/Documents/js/e-commerce_back-end/src/Validation_Service/Index.controller.ts] [Client IP: undefined] [undefined undefined]
28/Jun/2024:17:01:53 [ERROR] Failed to send email to mute@localhost: Error: Failed to send email [Origin File: /home/mute/Documents/js/e-commerce_back-end/src/Email_Service/Index.controller.ts] [Client IP: undefined] [undefined undefined]
28/Jun/2024:17:01:53 [ERROR] Invalid product data provided for creation [Origin File: /home/mute/Documents/js/e-commerce_back-end/src/Product_Service/Index.controller.ts] [Client IP: undefined] [undefined undefined]
28/Jun/2024:17:01:53 [ERROR] Invalid product data provided for creation [Origin File: /home/mute/Documents/js/e-commerce_back-end/src/Product_Service/Index.controller.ts] [Client IP: undefined] [undefined undefined]
28/Jun/2024:17:01:53 [ERROR] Product with ID 999 not found [Origin File: /home/mute/Documents/js/e-commerce_back-end/src/Product_Service/Index.controller.ts] [Client IP: undefined] [undefined undefined]
28/Jun/2024:17:01:53 [ERROR] Product ID is required for update [Origin File: /home/mute/Documents/js/e-commerce_back-end/src/Product_Service/Index.controller.ts] [Client IP: undefined] [undefined undefined]
28/Jun/2024:17:01:53 [ERROR] Error updating product with ID 1: Error: Database error [Origin File: /home/mute/Documents/js/e-commerce_back-end/src/Product_Service/Index.controller.ts] [Client IP: undefined] [undefined undefined]
28/Jun/2024:17:01:53 [ERROR] Product with ID 5 not found [Origin File: /home/mute/Documents/js/e-commerce_back-end/src/Product_Service/Index.controller.ts] [Client IP: undefined] [undefined undefined]
28/Jun/2024:17:08:01 [ERROR] Failed to send email to test@example.com: Error: Failed to send email [Origin File: /home/mute/Documents/js/e-commerce_back-end/dist/Email_Service/Index.controller.js] [Client IP: undefined] [undefined undefined]
28/Jun/2024:17:08:04 [ERROR] Failed to send email to mute@localhost: Error: Failed to send email [Origin File: /home/mute/Documents/js/e-commerce_back-end/src/Email_Service/Index.controller.ts] [Client IP: undefined] [undefined undefined]
28/Jun/2024:17:08:04 [ERROR] Invalid product data provided for creation [Origin File: /home/mute/Documents/js/e-commerce_back-end/src/Product_Service/Index.controller.ts] [Client IP: undefined] [undefined undefined]
28/Jun/2024:17:08:04 [ERROR] Invalid product data provided for creation [Origin File: /home/mute/Documents/js/e-commerce_back-end/src/Product_Service/Index.controller.ts] [Client IP: undefined] [undefined undefined]
28/Jun/2024:17:08:04 [ERROR] Product with ID 999 not found [Origin File: /home/mute/Documents/js/e-commerce_back-end/src/Product_Service/Index.controller.ts] [Client IP: undefined] [undefined undefined]
28/Jun/2024:17:08:04 [ERROR] Product ID is required for update [Origin File: /home/mute/Documents/js/e-commerce_back-end/src/Product_Service/Index.controller.ts] [Client IP: undefined] [undefined undefined]
28/Jun/2024:17:08:04 [ERROR] Error updating product with ID 1: Error: Database error [Origin File: /home/mute/Documents/js/e-commerce_back-end/src/Product_Service/Index.controller.ts] [Client IP: undefined] [undefined undefined]
28/Jun/2024:17:08:04 [ERROR] Product with ID 5 not found [Origin File: /home/mute/Documents/js/e-commerce_back-end/src/Product_Service/Index.controller.ts] [Client IP: undefined] [undefined undefined]
28/Jun/2024:17:08:04 [ERROR] Error validating API key format: Error: Invalid API key format [Origin File: /home/mute/Documents/js/e-commerce_back-end/src/Validation_Service/Index.controller.ts] [Client IP: undefined] [undefined undefined]
28/Jun/2024:17:08:04 [ERROR] Error validating refresh token format: Error: Invalid refresh token signature [Origin File: /home/mute/Documents/js/e-commerce_back-end/src/Validation_Service/Index.controller.ts] [Client IP: undefined] [undefined undefined]
28/Jun/2024:17:08:04 [ERROR] Error validating API key format: Error: Invalid API key format [Origin File: /home/mute/Documents/js/e-commerce_back-end/src/Validation_Service/Index.controller.ts] [Client IP: undefined] [undefined undefined]
28/Jun/2024:17:08:04 [ERROR] Error validating refresh token format: Error: Invalid refresh token format [Origin File: /home/mute/Documents/js/e-commerce_back-end/src/Validation_Service/Index.controller.ts] [Client IP: undefined] [undefined undefined]
28/Jun/2024:17:08:59 [ERROR] Failed to send email to test@example.com: Error: Failed to send email [Origin File: /home/mute/Documents/js/e-commerce_back-end/dist/Email_Service/Index.controller.js] [Client IP: undefined] [undefined undefined]
28/Jun/2024:17:09:02 [ERROR] Failed to send email to mute@localhost: Error: Failed to send email [Origin File: /home/mute/Documents/js/e-commerce_back-end/src/Email_Service/Index.controller.ts] [Client IP: undefined] [undefined undefined]
28/Jun/2024:17:09:02 [ERROR] Error validating API key format: Error: Invalid API key format [Origin File: /home/mute/Documents/js/e-commerce_back-end/src/Validation_Service/Index.controller.ts] [Client IP: undefined] [undefined undefined]
28/Jun/2024:17:09:02 [ERROR] Error validating API key format: Error: Invalid API key format [Origin File: /home/mute/Documents/js/e-commerce_back-end/src/Validation_Service/Index.controller.ts] [Client IP: undefined] [undefined undefined]
28/Jun/2024:17:09:02 [ERROR] Error validating refresh token format: Error: Invalid refresh token format [Origin File: /home/mute/Documents/js/e-commerce_back-end/src/Validation_Service/Index.controller.ts] [Client IP: undefined] [undefined undefined]
28/Jun/2024:17:09:02 [ERROR] Invalid product data provided for creation [Origin File: /home/mute/Documents/js/e-commerce_back-end/src/Product_Service/Index.controller.ts] [Client IP: undefined] [undefined undefined]
28/Jun/2024:17:09:02 [ERROR] Invalid product data provided for creation [Origin File: /home/mute/Documents/js/e-commerce_back-end/src/Product_Service/Index.controller.ts] [Client IP: undefined] [undefined undefined]
28/Jun/2024:17:09:02 [ERROR] Product with ID 999 not found [Origin File: /home/mute/Documents/js/e-commerce_back-end/src/Product_Service/Index.controller.ts] [Client IP: undefined] [undefined undefined]
28/Jun/2024:17:09:02 [ERROR] Product ID is required for update [Origin File: /home/mute/Documents/js/e-commerce_back-end/src/Product_Service/Index.controller.ts] [Client IP: undefined] [undefined undefined]
28/Jun/2024:17:09:02 [ERROR] Error updating product with ID 1: Error: Database error [Origin File: /home/mute/Documents/js/e-commerce_back-end/src/Product_Service/Index.controller.ts] [Client IP: undefined] [undefined undefined]
28/Jun/2024:17:09:02 [ERROR] Product with ID 5 not found [Origin File: /home/mute/Documents/js/e-commerce_back-end/src/Product_Service/Index.controller.ts] [Client IP: undefined] [undefined undefined]
