30/Jun/2024:13:12:20 [APPLICATION] Validating API key format
30/Jun/2024:13:12:20 [APPLICATION] Validating API key format
30/Jun/2024:13:12:20 [APPLICATION] Validating refresh token format
30/Jun/2024:13:12:20 [APPLICATION] Validating API key format
30/Jun/2024:13:12:20 [APPLICATION] Validating token signature
30/Jun/2024:13:12:20 [APPLICATION] Token signature: undefined
30/Jun/2024:13:12:20 [APPLICATION] Validating refresh token format
30/Jun/2024:13:12:20 [APPLICATION] Validating API key format
30/Jun/2024:13:12:20 [APPLICATION] Validating token signature
30/Jun/2024:13:12:20 [APPLICATION] Token signature: eyJzdWIiOiIxMjM0NTY3ODkwIiwibmFtZSI6IkpvaG4gRG9lIiwiaWF0IjoxNTE2MjM5MDIyfQ
30/Jun/2024:13:12:20 [APPLICATION] Validating token signature
30/Jun/2024:13:12:20 [APPLICATION] Token signature: token
30/Jun/2024:13:12:20 [APPLICATION] Email sent successfully to mute@localhost with subject "Verify Your Email"
30/Jun/2024:13:12:20 [APPLICATION] Email sent successfully to mute@localhost with subject "Password Reset"
30/Jun/2024:13:12:20 [APPLICATION] Email sent successfully to mute@localhost with subject "Your Basket"
30/Jun/2024:13:12:20 [APPLICATION] Email sent successfully to mute@localhost with subject "New Campaign"
30/Jun/2024:13:12:20 [APPLICATION] Email sent successfully to mute@localhost with subject "Help Needed"
30/Jun/2024:13:12:20 [APPLICATION] Connected to MySQL database successfully
30/Jun/2024:13:12:20 [APPLICATION] Attempting to create a new product
30/Jun/2024:13:12:20 [APPLICATION] Product created successfully
30/Jun/2024:13:12:20 [APPLICATION] Attempting to create a new product
30/Jun/2024:13:12:20 [APPLICATION] Attempting to create a new product
30/Jun/2024:13:12:20 [APPLICATION] Attempting to retrieve product with ID 1
30/Jun/2024:13:12:20 [APPLICATION] Product with ID 1 retrieved successfully
30/Jun/2024:13:12:20 [APPLICATION] Attempting to retrieve product with ID 999
30/Jun/2024:13:12:20 [APPLICATION] Attempting to update product with ID 1
30/Jun/2024:13:12:20 [APPLICATION] Product with ID 1 updated successfully
30/Jun/2024:13:12:20 [APPLICATION] Attempting to retrieve product with ID 1
30/Jun/2024:13:12:20 [APPLICATION] Product with ID 1 retrieved successfully
30/Jun/2024:13:12:20 [APPLICATION] Attempting to update product with ID undefined
30/Jun/2024:13:12:20 [APPLICATION] Attempting to update product with ID 1
30/Jun/2024:13:12:20 [APPLICATION] Attempting to delete product with ID 5
30/Jun/2024:13:12:20 [APPLICATION] Product with ID 5 deleted successfully
30/Jun/2024:13:12:20 [APPLICATION] Attempting to retrieve product with ID 5
30/Jun/2024:13:12:20 [APPLICATION] Fetching products bought with product ID 1
30/Jun/2024:13:12:20 [APPLICATION] Products bought with product ID 1 fetched successfully
30/Jun/2024:13:12:20 [APPLICATION] Connected to MySQL database successfully
30/Jun/2024:13:12:20 [APPLICATION] Connected to MySQL database successfully
30/Jun/2024:13:12:21 [APPLICATION] Connected to MySQL database successfully
30/Jun/2024:13:12:21 [APPLICATION] Session and refresh token created successfully
30/Jun/2024:13:12:21 [APPLICATION] Session verified successfully
30/Jun/2024:13:12:21 [APPLICATION] Validating token signature
30/Jun/2024:13:12:21 [APPLICATION] Token signature: undefined
30/Jun/2024:13:12:21 [APPLICATION] Session deleted successfully
30/Jun/2024:13:12:21 [APPLICATION] Session refreshed successfully
30/Jun/2024:13:12:21 [APPLICATION] Validating refresh token format
30/Jun/2024:13:12:21 [APPLICATION] Validating API key format
30/Jun/2024:13:13:11 [APPLICATION] Validating API key format
30/Jun/2024:13:13:11 [APPLICATION] Validating API key format
30/Jun/2024:13:13:11 [APPLICATION] Validating refresh token format
30/Jun/2024:13:13:11 [APPLICATION] Validating API key format
30/Jun/2024:13:13:11 [APPLICATION] Validating token signature
30/Jun/2024:13:13:11 [APPLICATION] Token signature: undefined
30/Jun/2024:13:13:11 [APPLICATION] Validating refresh token format
30/Jun/2024:13:13:11 [APPLICATION] Validating API key format
30/Jun/2024:13:13:11 [APPLICATION] Validating token signature
30/Jun/2024:13:13:11 [APPLICATION] Token signature: eyJzdWIiOiIxMjM0NTY3ODkwIiwibmFtZSI6IkpvaG4gRG9lIiwiaWF0IjoxNTE2MjM5MDIyfQ
30/Jun/2024:13:13:11 [APPLICATION] Validating token signature
30/Jun/2024:13:13:11 [APPLICATION] Token signature: token
30/Jun/2024:13:13:12 [APPLICATION] Connected to MySQL database successfully
30/Jun/2024:13:13:12 [APPLICATION] Connected to MySQL database successfully
30/Jun/2024:13:13:12 [APPLICATION] Email sent successfully to mute@localhost with subject "Verify Your Email"
30/Jun/2024:13:13:12 [APPLICATION] Email sent successfully to mute@localhost with subject "Password Reset"
30/Jun/2024:13:13:12 [APPLICATION] Email sent successfully to mute@localhost with subject "Your Basket"
30/Jun/2024:13:13:12 [APPLICATION] Email sent successfully to mute@localhost with subject "New Campaign"
30/Jun/2024:13:13:12 [APPLICATION] Email sent successfully to mute@localhost with subject "Help Needed"
30/Jun/2024:13:13:12 [APPLICATION] Connected to MySQL database successfully
30/Jun/2024:13:13:12 [APPLICATION] Attempting to create a new product
30/Jun/2024:13:13:12 [APPLICATION] Product created successfully
30/Jun/2024:13:13:12 [APPLICATION] Attempting to create a new product
30/Jun/2024:13:13:12 [APPLICATION] Attempting to create a new product
30/Jun/2024:13:13:12 [APPLICATION] Attempting to retrieve product with ID 1
30/Jun/2024:13:13:12 [APPLICATION] Product with ID 1 retrieved successfully
30/Jun/2024:13:13:12 [APPLICATION] Attempting to retrieve product with ID 999
30/Jun/2024:13:13:12 [APPLICATION] Attempting to update product with ID 1
30/Jun/2024:13:13:12 [APPLICATION] Product with ID 1 updated successfully
30/Jun/2024:13:13:12 [APPLICATION] Attempting to retrieve product with ID 1
30/Jun/2024:13:13:12 [APPLICATION] Product with ID 1 retrieved successfully
30/Jun/2024:13:13:12 [APPLICATION] Attempting to update product with ID undefined
30/Jun/2024:13:13:12 [APPLICATION] Attempting to update product with ID 1
30/Jun/2024:13:13:12 [APPLICATION] Attempting to delete product with ID 5
30/Jun/2024:13:13:12 [APPLICATION] Product with ID 5 deleted successfully
30/Jun/2024:13:13:12 [APPLICATION] Attempting to retrieve product with ID 5
30/Jun/2024:13:13:12 [APPLICATION] Fetching products bought with product ID 1
30/Jun/2024:13:13:12 [APPLICATION] Products bought with product ID 1 fetched successfully
30/Jun/2024:13:13:12 [APPLICATION] Connected to MySQL database successfully
30/Jun/2024:13:13:12 [APPLICATION] Session and refresh token created successfully
30/Jun/2024:13:13:12 [APPLICATION] Session verified successfully
30/Jun/2024:13:13:12 [APPLICATION] Validating token signature
30/Jun/2024:13:13:12 [APPLICATION] Token signature: undefined
30/Jun/2024:13:13:12 [APPLICATION] Session deleted successfully
30/Jun/2024:13:13:12 [APPLICATION] Session refreshed successfully
30/Jun/2024:13:13:12 [APPLICATION] Validating refresh token format
30/Jun/2024:13:13:12 [APPLICATION] Validating API key format
30/Jun/2024:13:13:57 [APPLICATION] Validating API key format
30/Jun/2024:13:13:57 [APPLICATION] Validating API key format
30/Jun/2024:13:13:57 [APPLICATION] Validating refresh token format
30/Jun/2024:13:13:57 [APPLICATION] Validating API key format
30/Jun/2024:13:13:57 [APPLICATION] Validating token signature
30/Jun/2024:13:13:57 [APPLICATION] Token signature: undefined
30/Jun/2024:13:13:57 [APPLICATION] Validating refresh token format
30/Jun/2024:13:13:57 [APPLICATION] Validating API key format
30/Jun/2024:13:13:57 [APPLICATION] Validating token signature
30/Jun/2024:13:13:57 [APPLICATION] Token signature: eyJzdWIiOiIxMjM0NTY3ODkwIiwibmFtZSI6IkpvaG4gRG9lIiwiaWF0IjoxNTE2MjM5MDIyfQ
30/Jun/2024:13:13:57 [APPLICATION] Validating token signature
30/Jun/2024:13:13:57 [APPLICATION] Token signature: token
30/Jun/2024:13:13:57 [APPLICATION] Email sent successfully to mute@localhost with subject "Verify Your Email"
30/Jun/2024:13:13:57 [APPLICATION] Email sent successfully to mute@localhost with subject "Password Reset"
30/Jun/2024:13:13:57 [APPLICATION] Email sent successfully to mute@localhost with subject "Your Basket"
30/Jun/2024:13:13:57 [APPLICATION] Email sent successfully to mute@localhost with subject "New Campaign"
30/Jun/2024:13:13:57 [APPLICATION] Email sent successfully to mute@localhost with subject "Help Needed"
30/Jun/2024:13:13:57 [APPLICATION] Connected to MySQL database successfully
30/Jun/2024:13:13:57 [APPLICATION] Attempting to create a new product
30/Jun/2024:13:13:57 [APPLICATION] Product created successfully
30/Jun/2024:13:13:57 [APPLICATION] Attempting to create a new product
30/Jun/2024:13:13:57 [APPLICATION] Attempting to create a new product
30/Jun/2024:13:13:57 [APPLICATION] Attempting to retrieve product with ID 1
30/Jun/2024:13:13:57 [APPLICATION] Product with ID 1 retrieved successfully
30/Jun/2024:13:13:57 [APPLICATION] Attempting to retrieve product with ID 999
30/Jun/2024:13:13:57 [APPLICATION] Attempting to update product with ID 1
30/Jun/2024:13:13:57 [APPLICATION] Product with ID 1 updated successfully
30/Jun/2024:13:13:57 [APPLICATION] Attempting to retrieve product with ID 1
30/Jun/2024:13:13:57 [APPLICATION] Product with ID 1 retrieved successfully
30/Jun/2024:13:13:57 [APPLICATION] Attempting to update product with ID undefined
30/Jun/2024:13:13:57 [APPLICATION] Attempting to update product with ID 1
30/Jun/2024:13:13:57 [APPLICATION] Attempting to delete product with ID 5
30/Jun/2024:13:13:57 [APPLICATION] Product with ID 5 deleted successfully
30/Jun/2024:13:13:57 [APPLICATION] Attempting to retrieve product with ID 5
30/Jun/2024:13:13:57 [APPLICATION] Fetching products bought with product ID 1
30/Jun/2024:13:13:57 [APPLICATION] Products bought with product ID 1 fetched successfully
30/Jun/2024:13:13:57 [APPLICATION] Connected to MySQL database successfully
30/Jun/2024:13:13:57 [APPLICATION] Connected to MySQL database successfully
30/Jun/2024:13:13:57 [APPLICATION] Connected to MySQL database successfully
30/Jun/2024:13:13:57 [APPLICATION] Session and refresh token created successfully
30/Jun/2024:13:13:57 [APPLICATION] Session verified successfully
30/Jun/2024:13:13:57 [APPLICATION] Validating token signature
30/Jun/2024:13:13:57 [APPLICATION] Token signature: undefined
30/Jun/2024:13:13:57 [APPLICATION] Session deleted successfully
30/Jun/2024:13:13:57 [APPLICATION] Session refreshed successfully
30/Jun/2024:13:13:57 [APPLICATION] Validating refresh token format
30/Jun/2024:13:13:57 [APPLICATION] Validating API key format
30/Jun/2024:13:14:30 [APPLICATION] Validating API key format
30/Jun/2024:13:14:30 [APPLICATION] Validating API key format
30/Jun/2024:13:14:30 [APPLICATION] Validating refresh token format
30/Jun/2024:13:14:30 [APPLICATION] Validating API key format
30/Jun/2024:13:14:30 [APPLICATION] Validating token signature
30/Jun/2024:13:14:30 [APPLICATION] Token signature: undefined
30/Jun/2024:13:14:30 [APPLICATION] Validating refresh token format
30/Jun/2024:13:14:30 [APPLICATION] Validating API key format
30/Jun/2024:13:14:30 [APPLICATION] Validating token signature
30/Jun/2024:13:14:30 [APPLICATION] Token signature: eyJzdWIiOiIxMjM0NTY3ODkwIiwibmFtZSI6IkpvaG4gRG9lIiwiaWF0IjoxNTE2MjM5MDIyfQ
30/Jun/2024:13:14:30 [APPLICATION] Validating token signature
30/Jun/2024:13:14:30 [APPLICATION] Token signature: token
30/Jun/2024:13:14:30 [APPLICATION] Email sent successfully to mute@localhost with subject "Verify Your Email"
30/Jun/2024:13:14:30 [APPLICATION] Email sent successfully to mute@localhost with subject "Password Reset"
30/Jun/2024:13:14:30 [APPLICATION] Email sent successfully to mute@localhost with subject "Your Basket"
30/Jun/2024:13:14:30 [APPLICATION] Email sent successfully to mute@localhost with subject "New Campaign"
30/Jun/2024:13:14:30 [APPLICATION] Email sent successfully to mute@localhost with subject "Help Needed"
30/Jun/2024:13:14:30 [APPLICATION] Connected to MySQL database successfully
30/Jun/2024:13:14:30 [APPLICATION] Connected to MySQL database successfully
30/Jun/2024:13:14:30 [APPLICATION] Attempting to create a new product
30/Jun/2024:13:14:30 [APPLICATION] Product created successfully
30/Jun/2024:13:14:30 [APPLICATION] Attempting to create a new product
30/Jun/2024:13:14:30 [APPLICATION] Attempting to create a new product
30/Jun/2024:13:14:30 [APPLICATION] Attempting to retrieve product with ID 1
30/Jun/2024:13:14:30 [APPLICATION] Product with ID 1 retrieved successfully
30/Jun/2024:13:14:30 [APPLICATION] Attempting to retrieve product with ID 999
30/Jun/2024:13:14:30 [APPLICATION] Attempting to update product with ID 1
30/Jun/2024:13:14:30 [APPLICATION] Product with ID 1 updated successfully
30/Jun/2024:13:14:30 [APPLICATION] Attempting to retrieve product with ID 1
30/Jun/2024:13:14:30 [APPLICATION] Product with ID 1 retrieved successfully
30/Jun/2024:13:14:30 [APPLICATION] Attempting to update product with ID undefined
30/Jun/2024:13:14:30 [APPLICATION] Attempting to update product with ID 1
30/Jun/2024:13:14:30 [APPLICATION] Attempting to delete product with ID 5
30/Jun/2024:13:14:30 [APPLICATION] Product with ID 5 deleted successfully
30/Jun/2024:13:14:30 [APPLICATION] Attempting to retrieve product with ID 5
30/Jun/2024:13:14:30 [APPLICATION] Fetching products bought with product ID 1
30/Jun/2024:13:14:30 [APPLICATION] Products bought with product ID 1 fetched successfully
30/Jun/2024:13:14:30 [APPLICATION] Connected to MySQL database successfully
30/Jun/2024:13:14:30 [APPLICATION] Session and refresh token created successfully
30/Jun/2024:13:14:31 [APPLICATION] Session verified successfully
30/Jun/2024:13:14:31 [APPLICATION] Validating token signature
30/Jun/2024:13:14:31 [APPLICATION] Token signature: undefined
30/Jun/2024:13:14:31 [APPLICATION] Session deleted successfully
30/Jun/2024:13:14:31 [APPLICATION] Session refreshed successfully
30/Jun/2024:13:14:31 [APPLICATION] Validating refresh token format
30/Jun/2024:13:14:31 [APPLICATION] Validating API key format
30/Jun/2024:13:14:30 [APPLICATION] Connected to MySQL database successfully
30/Jun/2024:15:32:58 [APPLICATION] Validating API key format
30/Jun/2024:15:32:58 [APPLICATION] Validating API key format
30/Jun/2024:15:32:58 [APPLICATION] Validating refresh token format
30/Jun/2024:15:32:58 [APPLICATION] Validating API key format
30/Jun/2024:15:32:58 [APPLICATION] Validating token signature
30/Jun/2024:15:32:58 [APPLICATION] Token signature: undefined
30/Jun/2024:15:32:58 [APPLICATION] Validating refresh token format
30/Jun/2024:15:32:58 [APPLICATION] Validating API key format
30/Jun/2024:15:32:58 [APPLICATION] Validating token signature
30/Jun/2024:15:32:58 [APPLICATION] Token signature: eyJzdWIiOiIxMjM0NTY3ODkwIiwibmFtZSI6IkpvaG4gRG9lIiwiaWF0IjoxNTE2MjM5MDIyfQ
30/Jun/2024:15:32:58 [APPLICATION] Validating token signature
30/Jun/2024:15:32:58 [APPLICATION] Token signature: token
30/Jun/2024:15:32:59 [APPLICATION] Connected to MySQL database successfully
30/Jun/2024:15:32:59 [APPLICATION] Connected to MySQL database successfully
30/Jun/2024:15:32:59 [APPLICATION] Attempting to create a new product
30/Jun/2024:15:32:59 [APPLICATION] Product created successfully
30/Jun/2024:15:32:59 [APPLICATION] Attempting to create a new product
30/Jun/2024:15:32:59 [APPLICATION] Attempting to create a new product
30/Jun/2024:15:32:59 [APPLICATION] Attempting to retrieve product with ID 1
30/Jun/2024:15:32:59 [APPLICATION] Product with ID 1 retrieved successfully
30/Jun/2024:15:32:59 [APPLICATION] Attempting to retrieve product with ID 999
30/Jun/2024:15:32:59 [APPLICATION] Attempting to update product with ID 1
30/Jun/2024:15:32:59 [APPLICATION] Product with ID 1 updated successfully
30/Jun/2024:15:32:59 [APPLICATION] Attempting to retrieve product with ID 1
30/Jun/2024:15:32:59 [APPLICATION] Product with ID 1 retrieved successfully
30/Jun/2024:15:32:59 [APPLICATION] Attempting to update product with ID undefined
30/Jun/2024:15:32:59 [APPLICATION] Attempting to update product with ID 1
30/Jun/2024:15:32:59 [APPLICATION] Attempting to delete product with ID 5
30/Jun/2024:15:32:59 [APPLICATION] Product with ID 5 deleted successfully
30/Jun/2024:15:32:59 [APPLICATION] Attempting to retrieve product with ID 5
30/Jun/2024:15:32:59 [APPLICATION] Fetching products bought with product ID 1
30/Jun/2024:15:32:59 [APPLICATION] Products bought with product ID 1 fetched successfully
30/Jun/2024:15:32:59 [APPLICATION] Email sent successfully to mute@localhost with subject "Verify Your Email"
30/Jun/2024:15:32:59 [APPLICATION] Email sent successfully to mute@localhost with subject "Password Reset"
30/Jun/2024:15:32:59 [APPLICATION] Email sent successfully to mute@localhost with subject "Your Basket"
30/Jun/2024:15:32:59 [APPLICATION] Email sent successfully to mute@localhost with subject "New Campaign"
30/Jun/2024:15:32:59 [APPLICATION] Email sent successfully to mute@localhost with subject "Help Needed"
30/Jun/2024:15:32:59 [APPLICATION] Connected to MySQL database successfully
30/Jun/2024:15:32:59 [APPLICATION] Connected to MySQL database successfully
30/Jun/2024:15:32:59 [APPLICATION] Session and refresh token created successfully
30/Jun/2024:15:32:59 [APPLICATION] Session verified successfully
30/Jun/2024:15:32:59 [APPLICATION] Validating token signature
30/Jun/2024:15:32:59 [APPLICATION] Token signature: undefined
30/Jun/2024:15:32:59 [APPLICATION] Session deleted successfully
30/Jun/2024:15:32:59 [APPLICATION] Session refreshed successfully
30/Jun/2024:15:32:59 [APPLICATION] Validating refresh token format
30/Jun/2024:15:32:59 [APPLICATION] Validating API key format
30/Jun/2024:15:35:42 [APPLICATION] Validating API key format
30/Jun/2024:15:35:42 [APPLICATION] Validating API key format
30/Jun/2024:15:35:42 [APPLICATION] Validating refresh token format
30/Jun/2024:15:35:42 [APPLICATION] Validating API key format
30/Jun/2024:15:35:42 [APPLICATION] Validating token signature
30/Jun/2024:15:35:42 [APPLICATION] Token signature: undefined
30/Jun/2024:15:35:42 [APPLICATION] Validating refresh token format
30/Jun/2024:15:35:42 [APPLICATION] Validating API key format
30/Jun/2024:15:35:42 [APPLICATION] Validating token signature
30/Jun/2024:15:35:42 [APPLICATION] Token signature: eyJzdWIiOiIxMjM0NTY3ODkwIiwibmFtZSI6IkpvaG4gRG9lIiwiaWF0IjoxNTE2MjM5MDIyfQ
30/Jun/2024:15:35:42 [APPLICATION] Validating token signature
30/Jun/2024:15:35:42 [APPLICATION] Token signature: token
30/Jun/2024:15:35:42 [APPLICATION] Connected to MySQL database successfully
30/Jun/2024:15:35:42 [APPLICATION] Attempting to create a new product
30/Jun/2024:15:35:42 [APPLICATION] Product created successfully
30/Jun/2024:15:35:42 [APPLICATION] Attempting to create a new product
30/Jun/2024:15:35:42 [APPLICATION] Attempting to create a new product
30/Jun/2024:15:35:42 [APPLICATION] Attempting to retrieve product with ID 1
30/Jun/2024:15:35:42 [APPLICATION] Product with ID 1 retrieved successfully
30/Jun/2024:15:35:42 [APPLICATION] Attempting to retrieve product with ID 999
30/Jun/2024:15:35:42 [APPLICATION] Attempting to update product with ID 1
30/Jun/2024:15:35:42 [APPLICATION] Product with ID 1 updated successfully
30/Jun/2024:15:35:42 [APPLICATION] Attempting to retrieve product with ID 1
30/Jun/2024:15:35:42 [APPLICATION] Product with ID 1 retrieved successfully
30/Jun/2024:15:35:42 [APPLICATION] Attempting to update product with ID undefined
30/Jun/2024:15:35:42 [APPLICATION] Attempting to update product with ID 1
30/Jun/2024:15:35:42 [APPLICATION] Attempting to delete product with ID 5
30/Jun/2024:15:35:42 [APPLICATION] Product with ID 5 deleted successfully
30/Jun/2024:15:35:42 [APPLICATION] Attempting to retrieve product with ID 5
30/Jun/2024:15:35:42 [APPLICATION] Fetching products bought with product ID 1
30/Jun/2024:15:35:42 [APPLICATION] Products bought with product ID 1 fetched successfully
30/Jun/2024:15:35:42 [APPLICATION] Email sent successfully to mute@localhost with subject "Verify Your Email"
30/Jun/2024:15:35:42 [APPLICATION] Email sent successfully to mute@localhost with subject "Password Reset"
30/Jun/2024:15:35:42 [APPLICATION] Email sent successfully to mute@localhost with subject "Your Basket"
30/Jun/2024:15:35:42 [APPLICATION] Email sent successfully to mute@localhost with subject "New Campaign"
30/Jun/2024:15:35:42 [APPLICATION] Email sent successfully to mute@localhost with subject "Help Needed"
30/Jun/2024:15:35:42 [APPLICATION] Connected to MySQL database successfully
30/Jun/2024:15:35:42 [APPLICATION] Connected to MySQL database successfully
30/Jun/2024:15:35:43 [APPLICATION] Connected to MySQL database successfully
30/Jun/2024:15:35:43 [APPLICATION] Session and refresh token created successfully
30/Jun/2024:15:35:43 [APPLICATION] Session verified successfully
30/Jun/2024:15:35:43 [APPLICATION] Validating token signature
30/Jun/2024:15:35:43 [APPLICATION] Token signature: undefined
30/Jun/2024:15:35:43 [APPLICATION] Session deleted successfully
30/Jun/2024:15:35:43 [APPLICATION] Session refreshed successfully
30/Jun/2024:15:35:43 [APPLICATION] Validating refresh token format
30/Jun/2024:15:35:43 [APPLICATION] Validating API key format
30/Jun/2024:15:38:06 [APPLICATION] Validating API key format
30/Jun/2024:15:38:07 [APPLICATION] Validating API key format
30/Jun/2024:15:38:07 [APPLICATION] Validating refresh token format
30/Jun/2024:15:38:07 [APPLICATION] Validating API key format
30/Jun/2024:15:38:07 [APPLICATION] Validating token signature
30/Jun/2024:15:38:07 [APPLICATION] Token signature: undefined
30/Jun/2024:15:38:07 [APPLICATION] Validating refresh token format
30/Jun/2024:15:38:07 [APPLICATION] Validating API key format
30/Jun/2024:15:38:07 [APPLICATION] Validating token signature
30/Jun/2024:15:38:07 [APPLICATION] Token signature: eyJzdWIiOiIxMjM0NTY3ODkwIiwibmFtZSI6IkpvaG4gRG9lIiwiaWF0IjoxNTE2MjM5MDIyfQ
30/Jun/2024:15:38:07 [APPLICATION] Validating token signature
30/Jun/2024:15:38:07 [APPLICATION] Token signature: token
30/Jun/2024:15:38:06 [APPLICATION] Email sent successfully to mute@localhost with subject "Verify Your Email"
30/Jun/2024:15:38:07 [APPLICATION] Email sent successfully to mute@localhost with subject "Password Reset"
30/Jun/2024:15:38:07 [APPLICATION] Email sent successfully to mute@localhost with subject "Your Basket"
30/Jun/2024:15:38:07 [APPLICATION] Email sent successfully to mute@localhost with subject "New Campaign"
30/Jun/2024:15:38:07 [APPLICATION] Email sent successfully to mute@localhost with subject "Help Needed"
30/Jun/2024:15:38:07 [APPLICATION] Connected to MySQL database successfully
30/Jun/2024:15:38:07 [APPLICATION] Connected to MySQL database successfully
30/Jun/2024:15:38:07 [APPLICATION] Attempting to create a new product
30/Jun/2024:15:38:07 [APPLICATION] Product created successfully
30/Jun/2024:15:38:07 [APPLICATION] Attempting to create a new product
30/Jun/2024:15:38:07 [APPLICATION] Attempting to create a new product
30/Jun/2024:15:38:07 [APPLICATION] Attempting to retrieve product with ID 1
30/Jun/2024:15:38:07 [APPLICATION] Product with ID 1 retrieved successfully
30/Jun/2024:15:38:07 [APPLICATION] Attempting to retrieve product with ID 999
30/Jun/2024:15:38:07 [APPLICATION] Attempting to update product with ID 1
30/Jun/2024:15:38:07 [APPLICATION] Product with ID 1 updated successfully
30/Jun/2024:15:38:07 [APPLICATION] Attempting to retrieve product with ID 1
30/Jun/2024:15:38:07 [APPLICATION] Product with ID 1 retrieved successfully
30/Jun/2024:15:38:07 [APPLICATION] Attempting to update product with ID undefined
30/Jun/2024:15:38:07 [APPLICATION] Attempting to update product with ID 1
30/Jun/2024:15:38:07 [APPLICATION] Attempting to delete product with ID 5
30/Jun/2024:15:38:07 [APPLICATION] Product with ID 5 deleted successfully
30/Jun/2024:15:38:07 [APPLICATION] Attempting to retrieve product with ID 5
30/Jun/2024:15:38:07 [APPLICATION] Fetching products bought with product ID 1
30/Jun/2024:15:38:07 [APPLICATION] Products bought with product ID 1 fetched successfully
30/Jun/2024:15:38:07 [APPLICATION] Connected to MySQL database successfully
30/Jun/2024:15:38:07 [APPLICATION] Session and refresh token created successfully
30/Jun/2024:15:38:07 [APPLICATION] Session verified successfully
30/Jun/2024:15:38:07 [APPLICATION] Validating token signature
30/Jun/2024:15:38:07 [APPLICATION] Token signature: undefined
30/Jun/2024:15:38:07 [APPLICATION] Session deleted successfully
30/Jun/2024:15:38:07 [APPLICATION] Session refreshed successfully
30/Jun/2024:15:38:07 [APPLICATION] Validating refresh token format
30/Jun/2024:15:38:07 [APPLICATION] Validating API key format
30/Jun/2024:15:38:07 [APPLICATION] Connected to MySQL database successfully
30/Jun/2024:15:39:56 [APPLICATION] Validating API key format
30/Jun/2024:15:39:56 [APPLICATION] Validating API key format
30/Jun/2024:15:39:56 [APPLICATION] Validating refresh token format
30/Jun/2024:15:39:56 [APPLICATION] Validating API key format
30/Jun/2024:15:39:56 [APPLICATION] Validating token signature
30/Jun/2024:15:39:56 [APPLICATION] Token signature: undefined
30/Jun/2024:15:39:56 [APPLICATION] Validating refresh token format
30/Jun/2024:15:39:56 [APPLICATION] Validating API key format
30/Jun/2024:15:39:56 [APPLICATION] Validating token signature
30/Jun/2024:15:39:56 [APPLICATION] Token signature: eyJzdWIiOiIxMjM0NTY3ODkwIiwibmFtZSI6IkpvaG4gRG9lIiwiaWF0IjoxNTE2MjM5MDIyfQ
30/Jun/2024:15:39:56 [APPLICATION] Validating token signature
30/Jun/2024:15:39:56 [APPLICATION] Token signature: token
30/Jun/2024:15:39:56 [APPLICATION] Email sent successfully to mute@localhost with subject "Verify Your Email"
30/Jun/2024:15:39:56 [APPLICATION] Email sent successfully to mute@localhost with subject "Password Reset"
30/Jun/2024:15:39:56 [APPLICATION] Email sent successfully to mute@localhost with subject "Your Basket"
30/Jun/2024:15:39:56 [APPLICATION] Email sent successfully to mute@localhost with subject "New Campaign"
30/Jun/2024:15:39:56 [APPLICATION] Email sent successfully to mute@localhost with subject "Help Needed"
30/Jun/2024:15:39:56 [APPLICATION] Connected to MySQL database successfully
30/Jun/2024:15:39:56 [APPLICATION] Attempting to create a new product
30/Jun/2024:15:39:56 [APPLICATION] Product created successfully
30/Jun/2024:15:39:56 [APPLICATION] Attempting to create a new product
30/Jun/2024:15:39:56 [APPLICATION] Attempting to create a new product
30/Jun/2024:15:39:56 [APPLICATION] Attempting to retrieve product with ID 1
30/Jun/2024:15:39:56 [APPLICATION] Product with ID 1 retrieved successfully
30/Jun/2024:15:39:56 [APPLICATION] Attempting to retrieve product with ID 999
30/Jun/2024:15:39:56 [APPLICATION] Attempting to update product with ID 1
30/Jun/2024:15:39:56 [APPLICATION] Product with ID 1 updated successfully
30/Jun/2024:15:39:56 [APPLICATION] Attempting to retrieve product with ID 1
30/Jun/2024:15:39:56 [APPLICATION] Product with ID 1 retrieved successfully
30/Jun/2024:15:39:56 [APPLICATION] Attempting to update product with ID undefined
30/Jun/2024:15:39:56 [APPLICATION] Attempting to update product with ID 1
30/Jun/2024:15:39:56 [APPLICATION] Attempting to delete product with ID 5
30/Jun/2024:15:39:56 [APPLICATION] Product with ID 5 deleted successfully
30/Jun/2024:15:39:56 [APPLICATION] Attempting to retrieve product with ID 5
30/Jun/2024:15:39:56 [APPLICATION] Fetching products bought with product ID 1
30/Jun/2024:15:39:56 [APPLICATION] Products bought with product ID 1 fetched successfully
30/Jun/2024:15:39:56 [APPLICATION] Connected to MySQL database successfully
30/Jun/2024:15:39:56 [APPLICATION] Connected to MySQL database successfully
30/Jun/2024:15:39:56 [APPLICATION] Connected to MySQL database successfully
30/Jun/2024:15:39:57 [APPLICATION] Session and refresh token created successfully
30/Jun/2024:15:39:57 [APPLICATION] Session verified successfully
30/Jun/2024:15:39:57 [APPLICATION] Validating token signature
30/Jun/2024:15:39:57 [APPLICATION] Token signature: undefined
30/Jun/2024:15:39:57 [APPLICATION] Session deleted successfully
30/Jun/2024:15:39:57 [APPLICATION] Session refreshed successfully
30/Jun/2024:15:39:57 [APPLICATION] Validating refresh token format
30/Jun/2024:15:39:57 [APPLICATION] Validating API key format
30/Jun/2024:15:40:37 [APPLICATION] Validating API key format
30/Jun/2024:15:40:37 [APPLICATION] Validating API key format
30/Jun/2024:15:40:37 [APPLICATION] Validating refresh token format
30/Jun/2024:15:40:37 [APPLICATION] Validating API key format
30/Jun/2024:15:40:37 [APPLICATION] Validating token signature
30/Jun/2024:15:40:37 [APPLICATION] Token signature: undefined
30/Jun/2024:15:40:37 [APPLICATION] Validating refresh token format
30/Jun/2024:15:40:37 [APPLICATION] Validating API key format
30/Jun/2024:15:40:37 [APPLICATION] Validating token signature
30/Jun/2024:15:40:37 [APPLICATION] Token signature: eyJzdWIiOiIxMjM0NTY3ODkwIiwibmFtZSI6IkpvaG4gRG9lIiwiaWF0IjoxNTE2MjM5MDIyfQ
30/Jun/2024:15:40:37 [APPLICATION] Validating token signature
30/Jun/2024:15:40:37 [APPLICATION] Token signature: token
30/Jun/2024:15:40:37 [APPLICATION] Email sent successfully to mute@localhost with subject "Verify Your Email"
30/Jun/2024:15:40:37 [APPLICATION] Email sent successfully to mute@localhost with subject "Password Reset"
30/Jun/2024:15:40:37 [APPLICATION] Email sent successfully to mute@localhost with subject "Your Basket"
30/Jun/2024:15:40:37 [APPLICATION] Email sent successfully to mute@localhost with subject "New Campaign"
30/Jun/2024:15:40:37 [APPLICATION] Email sent successfully to mute@localhost with subject "Help Needed"
30/Jun/2024:15:40:37 [APPLICATION] Connected to MySQL database successfully
30/Jun/2024:15:40:37 [APPLICATION] Attempting to create a new product
30/Jun/2024:15:40:37 [APPLICATION] Product created successfully
30/Jun/2024:15:40:37 [APPLICATION] Attempting to create a new product
30/Jun/2024:15:40:37 [APPLICATION] Attempting to create a new product
30/Jun/2024:15:40:37 [APPLICATION] Attempting to retrieve product with ID 1
30/Jun/2024:15:40:37 [APPLICATION] Product with ID 1 retrieved successfully
30/Jun/2024:15:40:37 [APPLICATION] Attempting to retrieve product with ID 999
30/Jun/2024:15:40:37 [APPLICATION] Attempting to update product with ID 1
30/Jun/2024:15:40:37 [APPLICATION] Product with ID 1 updated successfully
30/Jun/2024:15:40:37 [APPLICATION] Attempting to retrieve product with ID 1
30/Jun/2024:15:40:37 [APPLICATION] Product with ID 1 retrieved successfully
30/Jun/2024:15:40:37 [APPLICATION] Attempting to update product with ID undefined
30/Jun/2024:15:40:37 [APPLICATION] Attempting to update product with ID 1
30/Jun/2024:15:40:37 [APPLICATION] Attempting to delete product with ID 5
30/Jun/2024:15:40:37 [APPLICATION] Product with ID 5 deleted successfully
30/Jun/2024:15:40:37 [APPLICATION] Attempting to retrieve product with ID 5
30/Jun/2024:15:40:37 [APPLICATION] Fetching products bought with product ID 1
30/Jun/2024:15:40:37 [APPLICATION] Products bought with product ID 1 fetched successfully
30/Jun/2024:15:40:37 [APPLICATION] Connected to MySQL database successfully
30/Jun/2024:15:40:38 [APPLICATION] Connected to MySQL database successfully
30/Jun/2024:15:40:37 [APPLICATION] Connected to MySQL database successfully
30/Jun/2024:15:40:38 [APPLICATION] Session and refresh token created successfully
30/Jun/2024:15:40:38 [APPLICATION] Session verified successfully
30/Jun/2024:15:40:38 [APPLICATION] Validating token signature
30/Jun/2024:15:40:38 [APPLICATION] Token signature: undefined
30/Jun/2024:15:40:38 [APPLICATION] Session deleted successfully
30/Jun/2024:15:40:38 [APPLICATION] Session refreshed successfully
30/Jun/2024:15:40:38 [APPLICATION] Validating refresh token format
30/Jun/2024:15:40:38 [APPLICATION] Validating API key format
30/Jun/2024:15:47:23 [APPLICATION] Validating API key format
30/Jun/2024:15:47:23 [APPLICATION] Validating API key format
30/Jun/2024:15:47:23 [APPLICATION] Validating refresh token format
30/Jun/2024:15:47:23 [APPLICATION] Validating API key format
30/Jun/2024:15:47:23 [APPLICATION] Validating token signature
30/Jun/2024:15:47:23 [APPLICATION] Token signature: undefined
30/Jun/2024:15:47:23 [APPLICATION] Validating refresh token format
30/Jun/2024:15:47:23 [APPLICATION] Validating API key format
30/Jun/2024:15:47:23 [APPLICATION] Validating token signature
30/Jun/2024:15:47:23 [APPLICATION] Token signature: eyJzdWIiOiIxMjM0NTY3ODkwIiwibmFtZSI6IkpvaG4gRG9lIiwiaWF0IjoxNTE2MjM5MDIyfQ
30/Jun/2024:15:47:23 [APPLICATION] Validating token signature
30/Jun/2024:15:47:23 [APPLICATION] Token signature: token
30/Jun/2024:15:47:23 [APPLICATION] Connected to MySQL database successfully
30/Jun/2024:15:47:23 [APPLICATION] Email sent successfully to mute@localhost with subject "Verify Your Email"
30/Jun/2024:15:47:23 [APPLICATION] Email sent successfully to mute@localhost with subject "Password Reset"
30/Jun/2024:15:47:23 [APPLICATION] Email sent successfully to mute@localhost with subject "Your Basket"
30/Jun/2024:15:47:23 [APPLICATION] Email sent successfully to mute@localhost with subject "New Campaign"
30/Jun/2024:15:47:23 [APPLICATION] Email sent successfully to mute@localhost with subject "Help Needed"
30/Jun/2024:15:47:23 [APPLICATION] Connected to MySQL database successfully
30/Jun/2024:15:47:24 [APPLICATION] Attempting to create a new product
30/Jun/2024:15:47:24 [APPLICATION] Product created successfully
30/Jun/2024:15:47:24 [APPLICATION] Attempting to create a new product
30/Jun/2024:15:47:24 [APPLICATION] Attempting to create a new product
30/Jun/2024:15:47:24 [APPLICATION] Attempting to retrieve product with ID 1
30/Jun/2024:15:47:24 [APPLICATION] Product with ID 1 retrieved successfully
30/Jun/2024:15:47:24 [APPLICATION] Attempting to retrieve product with ID 999
30/Jun/2024:15:47:24 [APPLICATION] Attempting to update product with ID 1
30/Jun/2024:15:47:24 [APPLICATION] Product with ID 1 updated successfully
30/Jun/2024:15:47:24 [APPLICATION] Attempting to retrieve product with ID 1
30/Jun/2024:15:47:24 [APPLICATION] Product with ID 1 retrieved successfully
30/Jun/2024:15:47:24 [APPLICATION] Attempting to update product with ID undefined
30/Jun/2024:15:47:24 [APPLICATION] Attempting to update product with ID 1
30/Jun/2024:15:47:24 [APPLICATION] Attempting to delete product with ID 5
30/Jun/2024:15:47:24 [APPLICATION] Product with ID 5 deleted successfully
30/Jun/2024:15:47:24 [APPLICATION] Attempting to retrieve product with ID 5
30/Jun/2024:15:47:24 [APPLICATION] Fetching products bought with product ID 1
30/Jun/2024:15:47:24 [APPLICATION] Products bought with product ID 1 fetched successfully
30/Jun/2024:15:47:24 [APPLICATION] Connected to MySQL database successfully
30/Jun/2024:15:47:24 [APPLICATION] Connected to MySQL database successfully
30/Jun/2024:15:47:24 [APPLICATION] Session and refresh token created successfully
30/Jun/2024:15:47:24 [APPLICATION] Session verified successfully
30/Jun/2024:15:47:24 [APPLICATION] Validating token signature
30/Jun/2024:15:47:24 [APPLICATION] Token signature: undefined
30/Jun/2024:15:47:24 [APPLICATION] Session deleted successfully
30/Jun/2024:15:47:24 [APPLICATION] Session refreshed successfully
30/Jun/2024:15:47:24 [APPLICATION] Validating refresh token format
30/Jun/2024:15:47:24 [APPLICATION] Validating API key format
30/Jun/2024:15:51:06 [APPLICATION] Validating API key format
30/Jun/2024:15:51:06 [APPLICATION] Validating API key format
30/Jun/2024:15:51:06 [APPLICATION] Validating refresh token format
30/Jun/2024:15:51:06 [APPLICATION] Validating API key format
30/Jun/2024:15:51:06 [APPLICATION] Validating token signature
30/Jun/2024:15:51:06 [APPLICATION] Token signature: undefined
30/Jun/2024:15:51:06 [APPLICATION] Validating refresh token format
30/Jun/2024:15:51:06 [APPLICATION] Validating API key format
30/Jun/2024:15:51:06 [APPLICATION] Validating token signature
30/Jun/2024:15:51:06 [APPLICATION] Token signature: eyJzdWIiOiIxMjM0NTY3ODkwIiwibmFtZSI6IkpvaG4gRG9lIiwiaWF0IjoxNTE2MjM5MDIyfQ
30/Jun/2024:15:51:06 [APPLICATION] Validating token signature
30/Jun/2024:15:51:06 [APPLICATION] Token signature: token
30/Jun/2024:15:51:06 [APPLICATION] Email sent successfully to mute@localhost with subject "Verify Your Email"
30/Jun/2024:15:51:06 [APPLICATION] Email sent successfully to mute@localhost with subject "Password Reset"
30/Jun/2024:15:51:06 [APPLICATION] Email sent successfully to mute@localhost with subject "Your Basket"
30/Jun/2024:15:51:06 [APPLICATION] Email sent successfully to mute@localhost with subject "New Campaign"
30/Jun/2024:15:51:06 [APPLICATION] Email sent successfully to mute@localhost with subject "Help Needed"
30/Jun/2024:15:51:06 [APPLICATION] Connected to MySQL database successfully
30/Jun/2024:15:51:06 [APPLICATION] Attempting to create a new product
30/Jun/2024:15:51:06 [APPLICATION] Product created successfully
30/Jun/2024:15:51:06 [APPLICATION] Attempting to create a new product
30/Jun/2024:15:51:06 [APPLICATION] Attempting to create a new product
30/Jun/2024:15:51:06 [APPLICATION] Attempting to retrieve product with ID 1
30/Jun/2024:15:51:06 [APPLICATION] Product with ID 1 retrieved successfully
30/Jun/2024:15:51:06 [APPLICATION] Attempting to retrieve product with ID 999
30/Jun/2024:15:51:06 [APPLICATION] Attempting to update product with ID 1
30/Jun/2024:15:51:06 [APPLICATION] Product with ID 1 updated successfully
30/Jun/2024:15:51:06 [APPLICATION] Attempting to retrieve product with ID 1
30/Jun/2024:15:51:06 [APPLICATION] Product with ID 1 retrieved successfully
30/Jun/2024:15:51:06 [APPLICATION] Attempting to update product with ID undefined
30/Jun/2024:15:51:06 [APPLICATION] Attempting to update product with ID 1
30/Jun/2024:15:51:06 [APPLICATION] Attempting to delete product with ID 5
30/Jun/2024:15:51:06 [APPLICATION] Product with ID 5 deleted successfully
30/Jun/2024:15:51:06 [APPLICATION] Attempting to retrieve product with ID 5
30/Jun/2024:15:51:06 [APPLICATION] Fetching products bought with product ID 1
30/Jun/2024:15:51:06 [APPLICATION] Products bought with product ID 1 fetched successfully
30/Jun/2024:15:51:06 [APPLICATION] Connected to MySQL database successfully
30/Jun/2024:15:51:06 [APPLICATION] Connected to MySQL database successfully
30/Jun/2024:15:51:06 [APPLICATION] Connected to MySQL database successfully
30/Jun/2024:15:51:07 [APPLICATION] Session and refresh token created successfully
30/Jun/2024:15:51:07 [APPLICATION] Session verified successfully
30/Jun/2024:15:51:07 [APPLICATION] Validating token signature
30/Jun/2024:15:51:07 [APPLICATION] Token signature: undefined
30/Jun/2024:15:51:07 [APPLICATION] Session deleted successfully
30/Jun/2024:15:51:07 [APPLICATION] Session refreshed successfully
30/Jun/2024:15:51:07 [APPLICATION] Validating refresh token format
30/Jun/2024:15:51:07 [APPLICATION] Validating API key format
30/Jun/2024:15:53:50 [APPLICATION] Validating API key format
30/Jun/2024:15:53:50 [APPLICATION] Validating API key format
30/Jun/2024:15:53:50 [APPLICATION] Validating refresh token format
30/Jun/2024:15:53:50 [APPLICATION] Validating API key format
30/Jun/2024:15:53:50 [APPLICATION] Validating token signature
30/Jun/2024:15:53:50 [APPLICATION] Token signature: undefined
30/Jun/2024:15:53:50 [APPLICATION] Validating refresh token format
30/Jun/2024:15:53:50 [APPLICATION] Validating API key format
30/Jun/2024:15:53:50 [APPLICATION] Validating token signature
30/Jun/2024:15:53:50 [APPLICATION] Token signature: eyJzdWIiOiIxMjM0NTY3ODkwIiwibmFtZSI6IkpvaG4gRG9lIiwiaWF0IjoxNTE2MjM5MDIyfQ
30/Jun/2024:15:53:50 [APPLICATION] Validating token signature
30/Jun/2024:15:53:50 [APPLICATION] Token signature: token
30/Jun/2024:15:53:50 [APPLICATION] Email sent successfully to mute@localhost with subject "Verify Your Email"
30/Jun/2024:15:53:50 [APPLICATION] Email sent successfully to mute@localhost with subject "Password Reset"
30/Jun/2024:15:53:50 [APPLICATION] Email sent successfully to mute@localhost with subject "Your Basket"
30/Jun/2024:15:53:50 [APPLICATION] Email sent successfully to mute@localhost with subject "New Campaign"
30/Jun/2024:15:53:50 [APPLICATION] Email sent successfully to mute@localhost with subject "Help Needed"
30/Jun/2024:15:53:50 [APPLICATION] Connected to MySQL database successfully
30/Jun/2024:15:53:50 [APPLICATION] Connected to MySQL database successfully
30/Jun/2024:15:53:50 [APPLICATION] Attempting to create a new product
30/Jun/2024:15:53:50 [APPLICATION] Product created successfully
30/Jun/2024:15:53:50 [APPLICATION] Attempting to create a new product
30/Jun/2024:15:53:50 [APPLICATION] Attempting to create a new product
30/Jun/2024:15:53:50 [APPLICATION] Attempting to retrieve product with ID 1
30/Jun/2024:15:53:50 [APPLICATION] Product with ID 1 retrieved successfully
30/Jun/2024:15:53:50 [APPLICATION] Attempting to retrieve product with ID 999
30/Jun/2024:15:53:50 [APPLICATION] Attempting to update product with ID 1
30/Jun/2024:15:53:50 [APPLICATION] Product with ID 1 updated successfully
30/Jun/2024:15:53:50 [APPLICATION] Attempting to retrieve product with ID 1
30/Jun/2024:15:53:50 [APPLICATION] Product with ID 1 retrieved successfully
30/Jun/2024:15:53:50 [APPLICATION] Attempting to update product with ID undefined
30/Jun/2024:15:53:50 [APPLICATION] Attempting to update product with ID 1
30/Jun/2024:15:53:50 [APPLICATION] Attempting to delete product with ID 5
30/Jun/2024:15:53:50 [APPLICATION] Product with ID 5 deleted successfully
30/Jun/2024:15:53:50 [APPLICATION] Attempting to retrieve product with ID 5
30/Jun/2024:15:53:50 [APPLICATION] Fetching products bought with product ID 1
30/Jun/2024:15:53:50 [APPLICATION] Products bought with product ID 1 fetched successfully
30/Jun/2024:15:53:50 [APPLICATION] Connected to MySQL database successfully
30/Jun/2024:15:53:50 [APPLICATION] Connected to MySQL database successfully
30/Jun/2024:15:53:51 [APPLICATION] Session and refresh token created successfully
30/Jun/2024:15:53:51 [APPLICATION] Session verified successfully
30/Jun/2024:15:53:51 [APPLICATION] Validating token signature
30/Jun/2024:15:53:51 [APPLICATION] Token signature: undefined
30/Jun/2024:15:53:51 [APPLICATION] Session deleted successfully
30/Jun/2024:15:53:51 [APPLICATION] Session refreshed successfully
30/Jun/2024:15:53:51 [APPLICATION] Validating refresh token format
30/Jun/2024:15:53:51 [APPLICATION] Validating API key format
30/Jun/2024:15:55:57 [APPLICATION] Validating API key format
30/Jun/2024:15:55:57 [APPLICATION] Validating API key format
30/Jun/2024:15:55:57 [APPLICATION] Validating refresh token format
30/Jun/2024:15:55:57 [APPLICATION] Validating API key format
30/Jun/2024:15:55:57 [APPLICATION] Validating token signature
30/Jun/2024:15:55:57 [APPLICATION] Token signature: undefined
30/Jun/2024:15:55:57 [APPLICATION] Validating refresh token format
30/Jun/2024:15:55:57 [APPLICATION] Validating API key format
30/Jun/2024:15:55:57 [APPLICATION] Validating token signature
30/Jun/2024:15:55:57 [APPLICATION] Token signature: eyJzdWIiOiIxMjM0NTY3ODkwIiwibmFtZSI6IkpvaG4gRG9lIiwiaWF0IjoxNTE2MjM5MDIyfQ
30/Jun/2024:15:55:57 [APPLICATION] Validating token signature
30/Jun/2024:15:55:57 [APPLICATION] Token signature: token
30/Jun/2024:15:55:58 [APPLICATION] Email sent successfully to mute@localhost with subject "Verify Your Email"
30/Jun/2024:15:55:58 [APPLICATION] Email sent successfully to mute@localhost with subject "Password Reset"
30/Jun/2024:15:55:58 [APPLICATION] Email sent successfully to mute@localhost with subject "Your Basket"
30/Jun/2024:15:55:58 [APPLICATION] Email sent successfully to mute@localhost with subject "New Campaign"
30/Jun/2024:15:55:58 [APPLICATION] Email sent successfully to mute@localhost with subject "Help Needed"
30/Jun/2024:15:55:58 [APPLICATION] Connected to MySQL database successfully
30/Jun/2024:15:55:58 [APPLICATION] Attempting to create a new product
30/Jun/2024:15:55:58 [APPLICATION] Product created successfully
30/Jun/2024:15:55:58 [APPLICATION] Attempting to create a new product
30/Jun/2024:15:55:58 [APPLICATION] Attempting to create a new product
30/Jun/2024:15:55:58 [APPLICATION] Attempting to retrieve product with ID 1
30/Jun/2024:15:55:58 [APPLICATION] Product with ID 1 retrieved successfully
30/Jun/2024:15:55:58 [APPLICATION] Attempting to retrieve product with ID 999
30/Jun/2024:15:55:58 [APPLICATION] Attempting to update product with ID 1
30/Jun/2024:15:55:58 [APPLICATION] Product with ID 1 updated successfully
30/Jun/2024:15:55:58 [APPLICATION] Attempting to retrieve product with ID 1
30/Jun/2024:15:55:58 [APPLICATION] Product with ID 1 retrieved successfully
30/Jun/2024:15:55:58 [APPLICATION] Attempting to update product with ID undefined
30/Jun/2024:15:55:58 [APPLICATION] Attempting to update product with ID 1
30/Jun/2024:15:55:58 [APPLICATION] Attempting to delete product with ID 5
30/Jun/2024:15:55:58 [APPLICATION] Product with ID 5 deleted successfully
30/Jun/2024:15:55:58 [APPLICATION] Attempting to retrieve product with ID 5
30/Jun/2024:15:55:58 [APPLICATION] Fetching products bought with product ID 1
30/Jun/2024:15:55:58 [APPLICATION] Products bought with product ID 1 fetched successfully
30/Jun/2024:15:55:58 [APPLICATION] Connected to MySQL database successfully
30/Jun/2024:15:55:58 [APPLICATION] Session and refresh token created successfully
30/Jun/2024:15:55:58 [APPLICATION] Session verified successfully
30/Jun/2024:15:55:58 [APPLICATION] Validating token signature
30/Jun/2024:15:55:58 [APPLICATION] Token signature: undefined
30/Jun/2024:15:55:58 [APPLICATION] Session deleted successfully
30/Jun/2024:15:55:58 [APPLICATION] Session refreshed successfully
30/Jun/2024:15:55:58 [APPLICATION] Validating refresh token format
30/Jun/2024:15:55:58 [APPLICATION] Validating API key format
30/Jun/2024:15:55:58 [APPLICATION] Connected to MySQL database successfully
30/Jun/2024:15:55:58 [APPLICATION] Connected to MySQL database successfully
30/Jun/2024:15:58:28 [APPLICATION] Validating API key format
30/Jun/2024:15:58:28 [APPLICATION] Validating API key format
30/Jun/2024:15:58:28 [APPLICATION] Validating refresh token format
30/Jun/2024:15:58:28 [APPLICATION] Validating API key format
30/Jun/2024:15:58:28 [APPLICATION] Validating token signature
30/Jun/2024:15:58:28 [APPLICATION] Token signature: undefined
30/Jun/2024:15:58:28 [APPLICATION] Validating refresh token format
30/Jun/2024:15:58:28 [APPLICATION] Validating API key format
30/Jun/2024:15:58:28 [APPLICATION] Validating token signature
30/Jun/2024:15:58:28 [APPLICATION] Token signature: eyJzdWIiOiIxMjM0NTY3ODkwIiwibmFtZSI6IkpvaG4gRG9lIiwiaWF0IjoxNTE2MjM5MDIyfQ
30/Jun/2024:15:58:28 [APPLICATION] Validating token signature
30/Jun/2024:15:58:28 [APPLICATION] Token signature: token
30/Jun/2024:15:58:28 [APPLICATION] Connected to MySQL database successfully
30/Jun/2024:15:58:28 [APPLICATION] Connected to MySQL database successfully
30/Jun/2024:15:58:28 [APPLICATION] Attempting to create a new product
30/Jun/2024:15:58:28 [APPLICATION] Product created successfully
30/Jun/2024:15:58:28 [APPLICATION] Attempting to create a new product
30/Jun/2024:15:58:28 [APPLICATION] Attempting to create a new product
30/Jun/2024:15:58:28 [APPLICATION] Attempting to retrieve product with ID 1
30/Jun/2024:15:58:28 [APPLICATION] Product with ID 1 retrieved successfully
30/Jun/2024:15:58:28 [APPLICATION] Attempting to retrieve product with ID 999
30/Jun/2024:15:58:28 [APPLICATION] Attempting to update product with ID 1
30/Jun/2024:15:58:28 [APPLICATION] Product with ID 1 updated successfully
30/Jun/2024:15:58:28 [APPLICATION] Attempting to retrieve product with ID 1
30/Jun/2024:15:58:28 [APPLICATION] Product with ID 1 retrieved successfully
30/Jun/2024:15:58:28 [APPLICATION] Attempting to update product with ID undefined
30/Jun/2024:15:58:28 [APPLICATION] Attempting to update product with ID 1
30/Jun/2024:15:58:28 [APPLICATION] Attempting to delete product with ID 5
30/Jun/2024:15:58:28 [APPLICATION] Product with ID 5 deleted successfully
30/Jun/2024:15:58:28 [APPLICATION] Attempting to retrieve product with ID 5
30/Jun/2024:15:58:28 [APPLICATION] Fetching products bought with product ID 1
30/Jun/2024:15:58:28 [APPLICATION] Products bought with product ID 1 fetched successfully
30/Jun/2024:15:58:28 [APPLICATION] Connected to MySQL database successfully
30/Jun/2024:15:58:28 [APPLICATION] Email sent successfully to mute@localhost with subject "Verify Your Email"
30/Jun/2024:15:58:28 [APPLICATION] Email sent successfully to mute@localhost with subject "Password Reset"
30/Jun/2024:15:58:28 [APPLICATION] Email sent successfully to mute@localhost with subject "Your Basket"
30/Jun/2024:15:58:28 [APPLICATION] Email sent successfully to mute@localhost with subject "New Campaign"
30/Jun/2024:15:58:28 [APPLICATION] Email sent successfully to mute@localhost with subject "Help Needed"
30/Jun/2024:15:58:28 [APPLICATION] Connected to MySQL database successfully
30/Jun/2024:15:58:28 [APPLICATION] Session and refresh token created successfully
30/Jun/2024:15:58:28 [APPLICATION] Session verified successfully
30/Jun/2024:15:58:28 [APPLICATION] Validating token signature
30/Jun/2024:15:58:28 [APPLICATION] Token signature: undefined
30/Jun/2024:15:58:28 [APPLICATION] Session deleted successfully
30/Jun/2024:15:58:28 [APPLICATION] Session refreshed successfully
30/Jun/2024:15:58:28 [APPLICATION] Validating refresh token format
30/Jun/2024:15:58:28 [APPLICATION] Validating API key format
