30/Jun/2024:13:12:20 [ERROR] Error validating API key format: Error: Invalid API key format [Origin File: /home/mute/Documents/js/e-commerce_back-end/src/Validation_Service/Index.controller.ts] [Client IP: undefined] [undefined undefined]
30/Jun/2024:13:12:20 [ERROR] Error validating refresh token format: Error: Invalid refresh token signature [Origin File: /home/mute/Documents/js/e-commerce_back-end/src/Validation_Service/Index.controller.ts] [Client IP: undefined] [undefined undefined]
30/Jun/2024:13:12:20 [ERROR] Error validating API key format: Error: Invalid API key format [Origin File: /home/mute/Documents/js/e-commerce_back-end/src/Validation_Service/Index.controller.ts] [Client IP: undefined] [undefined undefined]
30/Jun/2024:13:12:20 [ERROR] Error validating refresh token format: Error: Invalid refresh token format [Origin File: /home/mute/Documents/js/e-commerce_back-end/src/Validation_Service/Index.controller.ts] [Client IP: undefined] [undefined undefined]
30/Jun/2024:13:12:20 [ERROR] Failed to send email to mute@localhost: Error: Failed to send email [Origin File: /home/mute/Documents/js/e-commerce_back-end/src/Email_Service/Index.controller.ts] [Client IP: undefined] [undefined undefined]
30/Jun/2024:13:12:20 [ERROR] Invalid product data provided for creation [Origin File: /home/mute/Documents/js/e-commerce_back-end/src/Product_Service/Index.controller.ts] [Client IP: undefined] [undefined undefined]
30/Jun/2024:13:12:20 [ERROR] Invalid product data provided for creation [Origin File: /home/mute/Documents/js/e-commerce_back-end/src/Product_Service/Index.controller.ts] [Client IP: undefined] [undefined undefined]
30/Jun/2024:13:12:20 [ERROR] Product with ID 999 not found [Origin File: /home/mute/Documents/js/e-commerce_back-end/src/Product_Service/Index.controller.ts] [Client IP: undefined] [undefined undefined]
30/Jun/2024:13:12:20 [ERROR] Product ID is required for update [Origin File: /home/mute/Documents/js/e-commerce_back-end/src/Product_Service/Index.controller.ts] [Client IP: undefined] [undefined undefined]
30/Jun/2024:13:12:20 [ERROR] Error updating product with ID 1: Error: Database error [Origin File: /home/mute/Documents/js/e-commerce_back-end/src/Product_Service/Index.controller.ts] [Client IP: undefined] [undefined undefined]
30/Jun/2024:13:12:20 [ERROR] Product with ID 5 not found [Origin File: /home/mute/Documents/js/e-commerce_back-end/src/Product_Service/Index.controller.ts] [Client IP: undefined] [undefined undefined]
30/Jun/2024:13:13:11 [ERROR] Error validating API key format: Error: Invalid API key format [Origin File: /home/mute/Documents/js/e-commerce_back-end/src/Validation_Service/Index.controller.ts] [Client IP: undefined] [undefined undefined]
30/Jun/2024:13:13:11 [ERROR] Error validating refresh token format: Error: Invalid refresh token signature [Origin File: /home/mute/Documents/js/e-commerce_back-end/src/Validation_Service/Index.controller.ts] [Client IP: undefined] [undefined undefined]
30/Jun/2024:13:13:11 [ERROR] Error validating API key format: Error: Invalid API key format [Origin File: /home/mute/Documents/js/e-commerce_back-end/src/Validation_Service/Index.controller.ts] [Client IP: undefined] [undefined undefined]
30/Jun/2024:13:13:11 [ERROR] Error validating refresh token format: Error: Invalid refresh token format [Origin File: /home/mute/Documents/js/e-commerce_back-end/src/Validation_Service/Index.controller.ts] [Client IP: undefined] [undefined undefined]
30/Jun/2024:13:13:12 [ERROR] Failed to send email to mute@localhost: Error: Failed to send email [Origin File: /home/mute/Documents/js/e-commerce_back-end/src/Email_Service/Index.controller.ts] [Client IP: undefined] [undefined undefined]
30/Jun/2024:13:13:12 [ERROR] Invalid product data provided for creation [Origin File: /home/mute/Documents/js/e-commerce_back-end/src/Product_Service/Index.controller.ts] [Client IP: undefined] [undefined undefined]
30/Jun/2024:13:13:12 [ERROR] Invalid product data provided for creation [Origin File: /home/mute/Documents/js/e-commerce_back-end/src/Product_Service/Index.controller.ts] [Client IP: undefined] [undefined undefined]
30/Jun/2024:13:13:12 [ERROR] Product with ID 999 not found [Origin File: /home/mute/Documents/js/e-commerce_back-end/src/Product_Service/Index.controller.ts] [Client IP: undefined] [undefined undefined]
30/Jun/2024:13:13:12 [ERROR] Product ID is required for update [Origin File: /home/mute/Documents/js/e-commerce_back-end/src/Product_Service/Index.controller.ts] [Client IP: undefined] [undefined undefined]
30/Jun/2024:13:13:12 [ERROR] Error updating product with ID 1: Error: Database error [Origin File: /home/mute/Documents/js/e-commerce_back-end/src/Product_Service/Index.controller.ts] [Client IP: undefined] [undefined undefined]
30/Jun/2024:13:13:12 [ERROR] Product with ID 5 not found [Origin File: /home/mute/Documents/js/e-commerce_back-end/src/Product_Service/Index.controller.ts] [Client IP: undefined] [undefined undefined]
30/Jun/2024:13:13:57 [ERROR] Error validating API key format: Error: Invalid API key format [Origin File: /home/mute/Documents/js/e-commerce_back-end/src/Validation_Service/Index.controller.ts] [Client IP: undefined] [undefined undefined]
30/Jun/2024:13:13:57 [ERROR] Error validating refresh token format: Error: Invalid refresh token signature [Origin File: /home/mute/Documents/js/e-commerce_back-end/src/Validation_Service/Index.controller.ts] [Client IP: undefined] [undefined undefined]
30/Jun/2024:13:13:57 [ERROR] Error validating API key format: Error: Invalid API key format [Origin File: /home/mute/Documents/js/e-commerce_back-end/src/Validation_Service/Index.controller.ts] [Client IP: undefined] [undefined undefined]
30/Jun/2024:13:13:57 [ERROR] Error validating refresh token format: Error: Invalid refresh token format [Origin File: /home/mute/Documents/js/e-commerce_back-end/src/Validation_Service/Index.controller.ts] [Client IP: undefined] [undefined undefined]
30/Jun/2024:13:13:57 [ERROR] Failed to send email to mute@localhost: Error: Failed to send email [Origin File: /home/mute/Documents/js/e-commerce_back-end/src/Email_Service/Index.controller.ts] [Client IP: undefined] [undefined undefined]
30/Jun/2024:13:13:57 [ERROR] Invalid product data provided for creation [Origin File: /home/mute/Documents/js/e-commerce_back-end/src/Product_Service/Index.controller.ts] [Client IP: undefined] [undefined undefined]
30/Jun/2024:13:13:57 [ERROR] Invalid product data provided for creation [Origin File: /home/mute/Documents/js/e-commerce_back-end/src/Product_Service/Index.controller.ts] [Client IP: undefined] [undefined undefined]
30/Jun/2024:13:13:57 [ERROR] Product with ID 999 not found [Origin File: /home/mute/Documents/js/e-commerce_back-end/src/Product_Service/Index.controller.ts] [Client IP: undefined] [undefined undefined]
30/Jun/2024:13:13:57 [ERROR] Product ID is required for update [Origin File: /home/mute/Documents/js/e-commerce_back-end/src/Product_Service/Index.controller.ts] [Client IP: undefined] [undefined undefined]
30/Jun/2024:13:13:57 [ERROR] Error updating product with ID 1: Error: Database error [Origin File: /home/mute/Documents/js/e-commerce_back-end/src/Product_Service/Index.controller.ts] [Client IP: undefined] [undefined undefined]
30/Jun/2024:13:13:57 [ERROR] Product with ID 5 not found [Origin File: /home/mute/Documents/js/e-commerce_back-end/src/Product_Service/Index.controller.ts] [Client IP: undefined] [undefined undefined]
30/Jun/2024:13:14:30 [ERROR] Error validating API key format: Error: Invalid API key format [Origin File: /home/mute/Documents/js/e-commerce_back-end/src/Validation_Service/Index.controller.ts] [Client IP: undefined] [undefined undefined]
30/Jun/2024:13:14:30 [ERROR] Error validating refresh token format: Error: Invalid refresh token signature [Origin File: /home/mute/Documents/js/e-commerce_back-end/src/Validation_Service/Index.controller.ts] [Client IP: undefined] [undefined undefined]
30/Jun/2024:13:14:30 [ERROR] Error validating API key format: Error: Invalid API key format [Origin File: /home/mute/Documents/js/e-commerce_back-end/src/Validation_Service/Index.controller.ts] [Client IP: undefined] [undefined undefined]
30/Jun/2024:13:14:30 [ERROR] Error validating refresh token format: Error: Invalid refresh token format [Origin File: /home/mute/Documents/js/e-commerce_back-end/src/Validation_Service/Index.controller.ts] [Client IP: undefined] [undefined undefined]
30/Jun/2024:13:14:30 [ERROR] Failed to send email to mute@localhost: Error: Failed to send email [Origin File: /home/mute/Documents/js/e-commerce_back-end/src/Email_Service/Index.controller.ts] [Client IP: undefined] [undefined undefined]
30/Jun/2024:13:14:30 [ERROR] Invalid product data provided for creation [Origin File: /home/mute/Documents/js/e-commerce_back-end/src/Product_Service/Index.controller.ts] [Client IP: undefined] [undefined undefined]
30/Jun/2024:13:14:30 [ERROR] Invalid product data provided for creation [Origin File: /home/mute/Documents/js/e-commerce_back-end/src/Product_Service/Index.controller.ts] [Client IP: undefined] [undefined undefined]
30/Jun/2024:13:14:30 [ERROR] Product with ID 999 not found [Origin File: /home/mute/Documents/js/e-commerce_back-end/src/Product_Service/Index.controller.ts] [Client IP: undefined] [undefined undefined]
30/Jun/2024:13:14:30 [ERROR] Product ID is required for update [Origin File: /home/mute/Documents/js/e-commerce_back-end/src/Product_Service/Index.controller.ts] [Client IP: undefined] [undefined undefined]
30/Jun/2024:13:14:30 [ERROR] Error updating product with ID 1: Error: Database error [Origin File: /home/mute/Documents/js/e-commerce_back-end/src/Product_Service/Index.controller.ts] [Client IP: undefined] [undefined undefined]
30/Jun/2024:13:14:30 [ERROR] Product with ID 5 not found [Origin File: /home/mute/Documents/js/e-commerce_back-end/src/Product_Service/Index.controller.ts] [Client IP: undefined] [undefined undefined]
30/Jun/2024:15:32:58 [ERROR] Error validating API key format: Error: Invalid API key format [Origin File: /home/mute/Documents/js/e-commerce_back-end/src/Validation_Service/Index.controller.ts] [Client IP: undefined] [undefined undefined]
30/Jun/2024:15:32:58 [ERROR] Error validating refresh token format: Error: Invalid refresh token signature [Origin File: /home/mute/Documents/js/e-commerce_back-end/src/Validation_Service/Index.controller.ts] [Client IP: undefined] [undefined undefined]
30/Jun/2024:15:32:58 [ERROR] Error validating API key format: Error: Invalid API key format [Origin File: /home/mute/Documents/js/e-commerce_back-end/src/Validation_Service/Index.controller.ts] [Client IP: undefined] [undefined undefined]
30/Jun/2024:15:32:58 [ERROR] Error validating refresh token format: Error: Invalid refresh token format [Origin File: /home/mute/Documents/js/e-commerce_back-end/src/Validation_Service/Index.controller.ts] [Client IP: undefined] [undefined undefined]
30/Jun/2024:15:32:59 [ERROR] Invalid product data provided for creation [Origin File: /home/mute/Documents/js/e-commerce_back-end/src/Product_Service/Index.controller.ts] [Client IP: undefined] [undefined undefined]
30/Jun/2024:15:32:59 [ERROR] Invalid product data provided for creation [Origin File: /home/mute/Documents/js/e-commerce_back-end/src/Product_Service/Index.controller.ts] [Client IP: undefined] [undefined undefined]
30/Jun/2024:15:32:59 [ERROR] Product with ID 999 not found [Origin File: /home/mute/Documents/js/e-commerce_back-end/src/Product_Service/Index.controller.ts] [Client IP: undefined] [undefined undefined]
30/Jun/2024:15:32:59 [ERROR] Product ID is required for update [Origin File: /home/mute/Documents/js/e-commerce_back-end/src/Product_Service/Index.controller.ts] [Client IP: undefined] [undefined undefined]
30/Jun/2024:15:32:59 [ERROR] Error updating product with ID 1: Error: Database error [Origin File: /home/mute/Documents/js/e-commerce_back-end/src/Product_Service/Index.controller.ts] [Client IP: undefined] [undefined undefined]
30/Jun/2024:15:32:59 [ERROR] Product with ID 5 not found [Origin File: /home/mute/Documents/js/e-commerce_back-end/src/Product_Service/Index.controller.ts] [Client IP: undefined] [undefined undefined]
30/Jun/2024:15:32:59 [ERROR] Failed to send email to mute@localhost: Error: Failed to send email [Origin File: /home/mute/Documents/js/e-commerce_back-end/src/Email_Service/Index.controller.ts] [Client IP: undefined] [undefined undefined]
30/Jun/2024:15:35:42 [ERROR] Error validating API key format: Error: Invalid API key format [Origin File: /home/mute/Documents/js/e-commerce_back-end/src/Validation_Service/Index.controller.ts] [Client IP: undefined] [undefined undefined]
30/Jun/2024:15:35:42 [ERROR] Error validating refresh token format: Error: Invalid refresh token signature [Origin File: /home/mute/Documents/js/e-commerce_back-end/src/Validation_Service/Index.controller.ts] [Client IP: undefined] [undefined undefined]
30/Jun/2024:15:35:42 [ERROR] Error validating API key format: Error: Invalid API key format [Origin File: /home/mute/Documents/js/e-commerce_back-end/src/Validation_Service/Index.controller.ts] [Client IP: undefined] [undefined undefined]
30/Jun/2024:15:35:42 [ERROR] Error validating refresh token format: Error: Invalid refresh token format [Origin File: /home/mute/Documents/js/e-commerce_back-end/src/Validation_Service/Index.controller.ts] [Client IP: undefined] [undefined undefined]
30/Jun/2024:15:35:42 [ERROR] Invalid product data provided for creation [Origin File: /home/mute/Documents/js/e-commerce_back-end/src/Product_Service/Index.controller.ts] [Client IP: undefined] [undefined undefined]
30/Jun/2024:15:35:42 [ERROR] Invalid product data provided for creation [Origin File: /home/mute/Documents/js/e-commerce_back-end/src/Product_Service/Index.controller.ts] [Client IP: undefined] [undefined undefined]
30/Jun/2024:15:35:42 [ERROR] Product with ID 999 not found [Origin File: /home/mute/Documents/js/e-commerce_back-end/src/Product_Service/Index.controller.ts] [Client IP: undefined] [undefined undefined]
30/Jun/2024:15:35:42 [ERROR] Product ID is required for update [Origin File: /home/mute/Documents/js/e-commerce_back-end/src/Product_Service/Index.controller.ts] [Client IP: undefined] [undefined undefined]
30/Jun/2024:15:35:42 [ERROR] Error updating product with ID 1: Error: Database error [Origin File: /home/mute/Documents/js/e-commerce_back-end/src/Product_Service/Index.controller.ts] [Client IP: undefined] [undefined undefined]
30/Jun/2024:15:35:42 [ERROR] Product with ID 5 not found [Origin File: /home/mute/Documents/js/e-commerce_back-end/src/Product_Service/Index.controller.ts] [Client IP: undefined] [undefined undefined]
30/Jun/2024:15:35:42 [ERROR] Failed to send email to mute@localhost: Error: Failed to send email [Origin File: /home/mute/Documents/js/e-commerce_back-end/src/Email_Service/Index.controller.ts] [Client IP: undefined] [undefined undefined]
30/Jun/2024:15:38:07 [ERROR] Error validating API key format: Error: Invalid API key format [Origin File: /home/mute/Documents/js/e-commerce_back-end/src/Validation_Service/Index.controller.ts] [Client IP: undefined] [undefined undefined]
30/Jun/2024:15:38:07 [ERROR] Error validating refresh token format: Error: Invalid refresh token signature [Origin File: /home/mute/Documents/js/e-commerce_back-end/src/Validation_Service/Index.controller.ts] [Client IP: undefined] [undefined undefined]
30/Jun/2024:15:38:07 [ERROR] Error validating API key format: Error: Invalid API key format [Origin File: /home/mute/Documents/js/e-commerce_back-end/src/Validation_Service/Index.controller.ts] [Client IP: undefined] [undefined undefined]
30/Jun/2024:15:38:07 [ERROR] Error validating refresh token format: Error: Invalid refresh token format [Origin File: /home/mute/Documents/js/e-commerce_back-end/src/Validation_Service/Index.controller.ts] [Client IP: undefined] [undefined undefined]
30/Jun/2024:15:38:07 [ERROR] Failed to send email to mute@localhost: Error: Failed to send email [Origin File: /home/mute/Documents/js/e-commerce_back-end/src/Email_Service/Index.controller.ts] [Client IP: undefined] [undefined undefined]
30/Jun/2024:15:38:07 [ERROR] Invalid product data provided for creation [Origin File: /home/mute/Documents/js/e-commerce_back-end/src/Product_Service/Index.controller.ts] [Client IP: undefined] [undefined undefined]
30/Jun/2024:15:38:07 [ERROR] Invalid product data provided for creation [Origin File: /home/mute/Documents/js/e-commerce_back-end/src/Product_Service/Index.controller.ts] [Client IP: undefined] [undefined undefined]
30/Jun/2024:15:38:07 [ERROR] Product with ID 999 not found [Origin File: /home/mute/Documents/js/e-commerce_back-end/src/Product_Service/Index.controller.ts] [Client IP: undefined] [undefined undefined]
30/Jun/2024:15:38:07 [ERROR] Product ID is required for update [Origin File: /home/mute/Documents/js/e-commerce_back-end/src/Product_Service/Index.controller.ts] [Client IP: undefined] [undefined undefined]
30/Jun/2024:15:38:07 [ERROR] Error updating product with ID 1: Error: Database error [Origin File: /home/mute/Documents/js/e-commerce_back-end/src/Product_Service/Index.controller.ts] [Client IP: undefined] [undefined undefined]
30/Jun/2024:15:38:07 [ERROR] Product with ID 5 not found [Origin File: /home/mute/Documents/js/e-commerce_back-end/src/Product_Service/Index.controller.ts] [Client IP: undefined] [undefined undefined]
30/Jun/2024:15:39:56 [ERROR] Error validating API key format: Error: Invalid API key format [Origin File: /home/mute/Documents/js/e-commerce_back-end/src/Validation_Service/Index.controller.ts] [Client IP: undefined] [undefined undefined]
30/Jun/2024:15:39:56 [ERROR] Error validating refresh token format: Error: Invalid refresh token signature [Origin File: /home/mute/Documents/js/e-commerce_back-end/src/Validation_Service/Index.controller.ts] [Client IP: undefined] [undefined undefined]
30/Jun/2024:15:39:56 [ERROR] Error validating API key format: Error: Invalid API key format [Origin File: /home/mute/Documents/js/e-commerce_back-end/src/Validation_Service/Index.controller.ts] [Client IP: undefined] [undefined undefined]
30/Jun/2024:15:39:56 [ERROR] Error validating refresh token format: Error: Invalid refresh token format [Origin File: /home/mute/Documents/js/e-commerce_back-end/src/Validation_Service/Index.controller.ts] [Client IP: undefined] [undefined undefined]
30/Jun/2024:15:39:56 [ERROR] Failed to send email to mute@localhost: Error: Failed to send email [Origin File: /home/mute/Documents/js/e-commerce_back-end/src/Email_Service/Index.controller.ts] [Client IP: undefined] [undefined undefined]
30/Jun/2024:15:39:56 [ERROR] Invalid product data provided for creation [Origin File: /home/mute/Documents/js/e-commerce_back-end/src/Product_Service/Index.controller.ts] [Client IP: undefined] [undefined undefined]
30/Jun/2024:15:39:56 [ERROR] Invalid product data provided for creation [Origin File: /home/mute/Documents/js/e-commerce_back-end/src/Product_Service/Index.controller.ts] [Client IP: undefined] [undefined undefined]
30/Jun/2024:15:39:56 [ERROR] Product with ID 999 not found [Origin File: /home/mute/Documents/js/e-commerce_back-end/src/Product_Service/Index.controller.ts] [Client IP: undefined] [undefined undefined]
30/Jun/2024:15:39:56 [ERROR] Product ID is required for update [Origin File: /home/mute/Documents/js/e-commerce_back-end/src/Product_Service/Index.controller.ts] [Client IP: undefined] [undefined undefined]
30/Jun/2024:15:39:56 [ERROR] Error updating product with ID 1: Error: Database error [Origin File: /home/mute/Documents/js/e-commerce_back-end/src/Product_Service/Index.controller.ts] [Client IP: undefined] [undefined undefined]
30/Jun/2024:15:39:56 [ERROR] Product with ID 5 not found [Origin File: /home/mute/Documents/js/e-commerce_back-end/src/Product_Service/Index.controller.ts] [Client IP: undefined] [undefined undefined]
30/Jun/2024:15:40:37 [ERROR] Error validating API key format: Error: Invalid API key format [Origin File: /home/mute/Documents/js/e-commerce_back-end/src/Validation_Service/Index.controller.ts] [Client IP: undefined] [undefined undefined]
30/Jun/2024:15:40:37 [ERROR] Error validating refresh token format: Error: Invalid refresh token signature [Origin File: /home/mute/Documents/js/e-commerce_back-end/src/Validation_Service/Index.controller.ts] [Client IP: undefined] [undefined undefined]
30/Jun/2024:15:40:37 [ERROR] Error validating API key format: Error: Invalid API key format [Origin File: /home/mute/Documents/js/e-commerce_back-end/src/Validation_Service/Index.controller.ts] [Client IP: undefined] [undefined undefined]
30/Jun/2024:15:40:37 [ERROR] Error validating refresh token format: Error: Invalid refresh token format [Origin File: /home/mute/Documents/js/e-commerce_back-end/src/Validation_Service/Index.controller.ts] [Client IP: undefined] [undefined undefined]
30/Jun/2024:15:40:37 [ERROR] Failed to send email to mute@localhost: Error: Failed to send email [Origin File: /home/mute/Documents/js/e-commerce_back-end/src/Email_Service/Index.controller.ts] [Client IP: undefined] [undefined undefined]
30/Jun/2024:15:40:37 [ERROR] Invalid product data provided for creation [Origin File: /home/mute/Documents/js/e-commerce_back-end/src/Product_Service/Index.controller.ts] [Client IP: undefined] [undefined undefined]
30/Jun/2024:15:40:37 [ERROR] Invalid product data provided for creation [Origin File: /home/mute/Documents/js/e-commerce_back-end/src/Product_Service/Index.controller.ts] [Client IP: undefined] [undefined undefined]
30/Jun/2024:15:40:37 [ERROR] Product with ID 999 not found [Origin File: /home/mute/Documents/js/e-commerce_back-end/src/Product_Service/Index.controller.ts] [Client IP: undefined] [undefined undefined]
30/Jun/2024:15:40:37 [ERROR] Product ID is required for update [Origin File: /home/mute/Documents/js/e-commerce_back-end/src/Product_Service/Index.controller.ts] [Client IP: undefined] [undefined undefined]
30/Jun/2024:15:40:37 [ERROR] Error updating product with ID 1: Error: Database error [Origin File: /home/mute/Documents/js/e-commerce_back-end/src/Product_Service/Index.controller.ts] [Client IP: undefined] [undefined undefined]
30/Jun/2024:15:40:37 [ERROR] Product with ID 5 not found [Origin File: /home/mute/Documents/js/e-commerce_back-end/src/Product_Service/Index.controller.ts] [Client IP: undefined] [undefined undefined]
30/Jun/2024:15:47:23 [ERROR] Error validating API key format: Error: Invalid API key format [Origin File: /home/mute/Documents/js/e-commerce_back-end/src/Validation_Service/Index.controller.ts] [Client IP: undefined] [undefined undefined]
30/Jun/2024:15:47:23 [ERROR] Error validating refresh token format: Error: Invalid refresh token signature [Origin File: /home/mute/Documents/js/e-commerce_back-end/src/Validation_Service/Index.controller.ts] [Client IP: undefined] [undefined undefined]
30/Jun/2024:15:47:23 [ERROR] Error validating API key format: Error: Invalid API key format [Origin File: /home/mute/Documents/js/e-commerce_back-end/src/Validation_Service/Index.controller.ts] [Client IP: undefined] [undefined undefined]
30/Jun/2024:15:47:23 [ERROR] Error validating refresh token format: Error: Invalid refresh token format [Origin File: /home/mute/Documents/js/e-commerce_back-end/src/Validation_Service/Index.controller.ts] [Client IP: undefined] [undefined undefined]
30/Jun/2024:15:47:23 [ERROR] Failed to send email to mute@localhost: Error: Failed to send email [Origin File: /home/mute/Documents/js/e-commerce_back-end/src/Email_Service/Index.controller.ts] [Client IP: undefined] [undefined undefined]
30/Jun/2024:15:47:24 [ERROR] Invalid product data provided for creation [Origin File: /home/mute/Documents/js/e-commerce_back-end/src/Product_Service/Index.controller.ts] [Client IP: undefined] [undefined undefined]
30/Jun/2024:15:47:24 [ERROR] Invalid product data provided for creation [Origin File: /home/mute/Documents/js/e-commerce_back-end/src/Product_Service/Index.controller.ts] [Client IP: undefined] [undefined undefined]
30/Jun/2024:15:47:24 [ERROR] Product with ID 999 not found [Origin File: /home/mute/Documents/js/e-commerce_back-end/src/Product_Service/Index.controller.ts] [Client IP: undefined] [undefined undefined]
30/Jun/2024:15:47:24 [ERROR] Product ID is required for update [Origin File: /home/mute/Documents/js/e-commerce_back-end/src/Product_Service/Index.controller.ts] [Client IP: undefined] [undefined undefined]
30/Jun/2024:15:47:24 [ERROR] Error updating product with ID 1: Error: Database error [Origin File: /home/mute/Documents/js/e-commerce_back-end/src/Product_Service/Index.controller.ts] [Client IP: undefined] [undefined undefined]
30/Jun/2024:15:47:24 [ERROR] Product with ID 5 not found [Origin File: /home/mute/Documents/js/e-commerce_back-end/src/Product_Service/Index.controller.ts] [Client IP: undefined] [undefined undefined]
30/Jun/2024:15:51:06 [ERROR] Error validating API key format: Error: Invalid API key format [Origin File: /home/mute/Documents/js/e-commerce_back-end/src/Validation_Service/Index.controller.ts] [Client IP: undefined] [undefined undefined]
30/Jun/2024:15:51:06 [ERROR] Error validating refresh token format: Error: Invalid refresh token signature [Origin File: /home/mute/Documents/js/e-commerce_back-end/src/Validation_Service/Index.controller.ts] [Client IP: undefined] [undefined undefined]
30/Jun/2024:15:51:06 [ERROR] Error validating API key format: Error: Invalid API key format [Origin File: /home/mute/Documents/js/e-commerce_back-end/src/Validation_Service/Index.controller.ts] [Client IP: undefined] [undefined undefined]
30/Jun/2024:15:51:06 [ERROR] Error validating refresh token format: Error: Invalid refresh token format [Origin File: /home/mute/Documents/js/e-commerce_back-end/src/Validation_Service/Index.controller.ts] [Client IP: undefined] [undefined undefined]
30/Jun/2024:15:51:06 [ERROR] Failed to send email to mute@localhost: Error: Failed to send email [Origin File: /home/mute/Documents/js/e-commerce_back-end/src/Email_Service/Index.controller.ts] [Client IP: undefined] [undefined undefined]
30/Jun/2024:15:51:06 [ERROR] Invalid product data provided for creation [Origin File: /home/mute/Documents/js/e-commerce_back-end/src/Product_Service/Index.controller.ts] [Client IP: undefined] [undefined undefined]
30/Jun/2024:15:51:06 [ERROR] Invalid product data provided for creation [Origin File: /home/mute/Documents/js/e-commerce_back-end/src/Product_Service/Index.controller.ts] [Client IP: undefined] [undefined undefined]
30/Jun/2024:15:51:06 [ERROR] Product with ID 999 not found [Origin File: /home/mute/Documents/js/e-commerce_back-end/src/Product_Service/Index.controller.ts] [Client IP: undefined] [undefined undefined]
30/Jun/2024:15:51:06 [ERROR] Product ID is required for update [Origin File: /home/mute/Documents/js/e-commerce_back-end/src/Product_Service/Index.controller.ts] [Client IP: undefined] [undefined undefined]
30/Jun/2024:15:51:06 [ERROR] Error updating product with ID 1: Error: Database error [Origin File: /home/mute/Documents/js/e-commerce_back-end/src/Product_Service/Index.controller.ts] [Client IP: undefined] [undefined undefined]
30/Jun/2024:15:51:06 [ERROR] Product with ID 5 not found [Origin File: /home/mute/Documents/js/e-commerce_back-end/src/Product_Service/Index.controller.ts] [Client IP: undefined] [undefined undefined]
30/Jun/2024:15:53:50 [ERROR] Error validating API key format: Error: Invalid API key format [Origin File: /home/mute/Documents/js/e-commerce_back-end/src/Validation_Service/Index.controller.ts] [Client IP: undefined] [undefined undefined]
30/Jun/2024:15:53:50 [ERROR] Error validating refresh token format: Error: Invalid refresh token signature [Origin File: /home/mute/Documents/js/e-commerce_back-end/src/Validation_Service/Index.controller.ts] [Client IP: undefined] [undefined undefined]
30/Jun/2024:15:53:50 [ERROR] Error validating API key format: Error: Invalid API key format [Origin File: /home/mute/Documents/js/e-commerce_back-end/src/Validation_Service/Index.controller.ts] [Client IP: undefined] [undefined undefined]
30/Jun/2024:15:53:50 [ERROR] Error validating refresh token format: Error: Invalid refresh token format [Origin File: /home/mute/Documents/js/e-commerce_back-end/src/Validation_Service/Index.controller.ts] [Client IP: undefined] [undefined undefined]
30/Jun/2024:15:53:50 [ERROR] Failed to send email to mute@localhost: Error: Failed to send email [Origin File: /home/mute/Documents/js/e-commerce_back-end/src/Email_Service/Index.controller.ts] [Client IP: undefined] [undefined undefined]
30/Jun/2024:15:53:50 [ERROR] Invalid product data provided for creation [Origin File: /home/mute/Documents/js/e-commerce_back-end/src/Product_Service/Index.controller.ts] [Client IP: undefined] [undefined undefined]
30/Jun/2024:15:53:50 [ERROR] Invalid product data provided for creation [Origin File: /home/mute/Documents/js/e-commerce_back-end/src/Product_Service/Index.controller.ts] [Client IP: undefined] [undefined undefined]
30/Jun/2024:15:53:50 [ERROR] Product with ID 999 not found [Origin File: /home/mute/Documents/js/e-commerce_back-end/src/Product_Service/Index.controller.ts] [Client IP: undefined] [undefined undefined]
30/Jun/2024:15:53:50 [ERROR] Product ID is required for update [Origin File: /home/mute/Documents/js/e-commerce_back-end/src/Product_Service/Index.controller.ts] [Client IP: undefined] [undefined undefined]
30/Jun/2024:15:53:50 [ERROR] Error updating product with ID 1: Error: Database error [Origin File: /home/mute/Documents/js/e-commerce_back-end/src/Product_Service/Index.controller.ts] [Client IP: undefined] [undefined undefined]
30/Jun/2024:15:53:50 [ERROR] Product with ID 5 not found [Origin File: /home/mute/Documents/js/e-commerce_back-end/src/Product_Service/Index.controller.ts] [Client IP: undefined] [undefined undefined]
30/Jun/2024:15:55:57 [ERROR] Error validating API key format: Error: Invalid API key format [Origin File: /home/mute/Documents/js/e-commerce_back-end/src/Validation_Service/Index.controller.ts] [Client IP: undefined] [undefined undefined]
30/Jun/2024:15:55:57 [ERROR] Error validating refresh token format: Error: Invalid refresh token signature [Origin File: /home/mute/Documents/js/e-commerce_back-end/src/Validation_Service/Index.controller.ts] [Client IP: undefined] [undefined undefined]
30/Jun/2024:15:55:57 [ERROR] Error validating API key format: Error: Invalid API key format [Origin File: /home/mute/Documents/js/e-commerce_back-end/src/Validation_Service/Index.controller.ts] [Client IP: undefined] [undefined undefined]
30/Jun/2024:15:55:57 [ERROR] Error validating refresh token format: Error: Invalid refresh token format [Origin File: /home/mute/Documents/js/e-commerce_back-end/src/Validation_Service/Index.controller.ts] [Client IP: undefined] [undefined undefined]
30/Jun/2024:15:55:58 [ERROR] Failed to send email to mute@localhost: Error: Failed to send email [Origin File: /home/mute/Documents/js/e-commerce_back-end/src/Email_Service/Index.controller.ts] [Client IP: undefined] [undefined undefined]
30/Jun/2024:15:55:58 [ERROR] Invalid product data provided for creation [Origin File: /home/mute/Documents/js/e-commerce_back-end/src/Product_Service/Index.controller.ts] [Client IP: undefined] [undefined undefined]
30/Jun/2024:15:55:58 [ERROR] Invalid product data provided for creation [Origin File: /home/mute/Documents/js/e-commerce_back-end/src/Product_Service/Index.controller.ts] [Client IP: undefined] [undefined undefined]
30/Jun/2024:15:55:58 [ERROR] Product with ID 999 not found [Origin File: /home/mute/Documents/js/e-commerce_back-end/src/Product_Service/Index.controller.ts] [Client IP: undefined] [undefined undefined]
30/Jun/2024:15:55:58 [ERROR] Product ID is required for update [Origin File: /home/mute/Documents/js/e-commerce_back-end/src/Product_Service/Index.controller.ts] [Client IP: undefined] [undefined undefined]
30/Jun/2024:15:55:58 [ERROR] Error updating product with ID 1: Error: Database error [Origin File: /home/mute/Documents/js/e-commerce_back-end/src/Product_Service/Index.controller.ts] [Client IP: undefined] [undefined undefined]
30/Jun/2024:15:55:58 [ERROR] Product with ID 5 not found [Origin File: /home/mute/Documents/js/e-commerce_back-end/src/Product_Service/Index.controller.ts] [Client IP: undefined] [undefined undefined]
30/Jun/2024:15:58:28 [ERROR] Error validating API key format: Error: Invalid API key format [Origin File: /home/mute/Documents/js/e-commerce_back-end/src/Validation_Service/Index.controller.ts] [Client IP: undefined] [undefined undefined]
30/Jun/2024:15:58:28 [ERROR] Error validating refresh token format: Error: Invalid refresh token signature [Origin File: /home/mute/Documents/js/e-commerce_back-end/src/Validation_Service/Index.controller.ts] [Client IP: undefined] [undefined undefined]
30/Jun/2024:15:58:28 [ERROR] Error validating API key format: Error: Invalid API key format [Origin File: /home/mute/Documents/js/e-commerce_back-end/src/Validation_Service/Index.controller.ts] [Client IP: undefined] [undefined undefined]
30/Jun/2024:15:58:28 [ERROR] Error validating refresh token format: Error: Invalid refresh token format [Origin File: /home/mute/Documents/js/e-commerce_back-end/src/Validation_Service/Index.controller.ts] [Client IP: undefined] [undefined undefined]
30/Jun/2024:15:58:28 [ERROR] Invalid product data provided for creation [Origin File: /home/mute/Documents/js/e-commerce_back-end/src/Product_Service/Index.controller.ts] [Client IP: undefined] [undefined undefined]
30/Jun/2024:15:58:28 [ERROR] Invalid product data provided for creation [Origin File: /home/mute/Documents/js/e-commerce_back-end/src/Product_Service/Index.controller.ts] [Client IP: undefined] [undefined undefined]
30/Jun/2024:15:58:28 [ERROR] Product with ID 999 not found [Origin File: /home/mute/Documents/js/e-commerce_back-end/src/Product_Service/Index.controller.ts] [Client IP: undefined] [undefined undefined]
30/Jun/2024:15:58:28 [ERROR] Product ID is required for update [Origin File: /home/mute/Documents/js/e-commerce_back-end/src/Product_Service/Index.controller.ts] [Client IP: undefined] [undefined undefined]
30/Jun/2024:15:58:28 [ERROR] Error updating product with ID 1: Error: Database error [Origin File: /home/mute/Documents/js/e-commerce_back-end/src/Product_Service/Index.controller.ts] [Client IP: undefined] [undefined undefined]
30/Jun/2024:15:58:28 [ERROR] Product with ID 5 not found [Origin File: /home/mute/Documents/js/e-commerce_back-end/src/Product_Service/Index.controller.ts] [Client IP: undefined] [undefined undefined]
30/Jun/2024:15:58:28 [ERROR] Failed to send email to mute@localhost: Error: Failed to send email [Origin File: /home/mute/Documents/js/e-commerce_back-end/src/Email_Service/Index.controller.ts] [Client IP: undefined] [undefined undefined]
30/Jun/2024:16:50:10 [ERROR] Error validating API key format: Error: Invalid API key format [Origin File: /home/mute/Documents/js/e-commerce_back-end/src/Validation_Service/Index.controller.ts] [Client IP: undefined] [undefined undefined]
30/Jun/2024:16:50:10 [ERROR] Error validating refresh token format: Error: Invalid refresh token signature [Origin File: /home/mute/Documents/js/e-commerce_back-end/src/Validation_Service/Index.controller.ts] [Client IP: undefined] [undefined undefined]
30/Jun/2024:16:50:10 [ERROR] Error validating API key format: Error: Invalid API key format [Origin File: /home/mute/Documents/js/e-commerce_back-end/src/Validation_Service/Index.controller.ts] [Client IP: undefined] [undefined undefined]
30/Jun/2024:16:50:10 [ERROR] Error validating refresh token format: Error: Invalid refresh token format [Origin File: /home/mute/Documents/js/e-commerce_back-end/src/Validation_Service/Index.controller.ts] [Client IP: undefined] [undefined undefined]
30/Jun/2024:16:50:10 [ERROR] Invalid product data provided for creation [Origin File: /home/mute/Documents/js/e-commerce_back-end/src/Product_Service/Index.controller.ts] [Client IP: undefined] [undefined undefined]
30/Jun/2024:16:50:10 [ERROR] Invalid product data provided for creation [Origin File: /home/mute/Documents/js/e-commerce_back-end/src/Product_Service/Index.controller.ts] [Client IP: undefined] [undefined undefined]
30/Jun/2024:16:50:10 [ERROR] Product with ID 999 not found [Origin File: /home/mute/Documents/js/e-commerce_back-end/src/Product_Service/Index.controller.ts] [Client IP: undefined] [undefined undefined]
30/Jun/2024:16:50:10 [ERROR] Product ID is required for update [Origin File: /home/mute/Documents/js/e-commerce_back-end/src/Product_Service/Index.controller.ts] [Client IP: undefined] [undefined undefined]
30/Jun/2024:16:50:10 [ERROR] Error updating product with ID 1: Error: Database error [Origin File: /home/mute/Documents/js/e-commerce_back-end/src/Product_Service/Index.controller.ts] [Client IP: undefined] [undefined undefined]
30/Jun/2024:16:50:10 [ERROR] Product with ID 5 not found [Origin File: /home/mute/Documents/js/e-commerce_back-end/src/Product_Service/Index.controller.ts] [Client IP: undefined] [undefined undefined]
30/Jun/2024:16:50:11 [ERROR] Failed to send email to mute@localhost: Error: Failed to send email [Origin File: /home/mute/Documents/js/e-commerce_back-end/src/Email_Service/Index.controller.ts] [Client IP: undefined] [undefined undefined]
30/Jun/2024:17:02:20 [ERROR] Error validating API key format: Error: Invalid API key format [Origin File: /home/mute/Documents/js/e-commerce_back-end/src/Validation_Service/Index.controller.ts] [Client IP: undefined] [undefined undefined]
30/Jun/2024:17:02:20 [ERROR] Error validating refresh token format: Error: Invalid refresh token signature [Origin File: /home/mute/Documents/js/e-commerce_back-end/src/Validation_Service/Index.controller.ts] [Client IP: undefined] [undefined undefined]
30/Jun/2024:17:02:20 [ERROR] Error validating API key format: Error: Invalid API key format [Origin File: /home/mute/Documents/js/e-commerce_back-end/src/Validation_Service/Index.controller.ts] [Client IP: undefined] [undefined undefined]
30/Jun/2024:17:02:20 [ERROR] Error validating refresh token format: Error: Invalid refresh token format [Origin File: /home/mute/Documents/js/e-commerce_back-end/src/Validation_Service/Index.controller.ts] [Client IP: undefined] [undefined undefined]
30/Jun/2024:17:02:21 [ERROR] Invalid product data provided for creation [Origin File: /home/mute/Documents/js/e-commerce_back-end/src/Product_Service/Index.controller.ts] [Client IP: undefined] [undefined undefined]
30/Jun/2024:17:02:21 [ERROR] Invalid product data provided for creation [Origin File: /home/mute/Documents/js/e-commerce_back-end/src/Product_Service/Index.controller.ts] [Client IP: undefined] [undefined undefined]
30/Jun/2024:17:02:21 [ERROR] Product with ID 999 not found [Origin File: /home/mute/Documents/js/e-commerce_back-end/src/Product_Service/Index.controller.ts] [Client IP: undefined] [undefined undefined]
30/Jun/2024:17:02:21 [ERROR] Product ID is required for update [Origin File: /home/mute/Documents/js/e-commerce_back-end/src/Product_Service/Index.controller.ts] [Client IP: undefined] [undefined undefined]
30/Jun/2024:17:02:21 [ERROR] Error updating product with ID 1: Error: Database error [Origin File: /home/mute/Documents/js/e-commerce_back-end/src/Product_Service/Index.controller.ts] [Client IP: undefined] [undefined undefined]
30/Jun/2024:17:02:21 [ERROR] Product with ID 5 not found [Origin File: /home/mute/Documents/js/e-commerce_back-end/src/Product_Service/Index.controller.ts] [Client IP: undefined] [undefined undefined]
30/Jun/2024:17:02:21 [ERROR] Failed to send email to mute@localhost: Error: Failed to send email [Origin File: /home/mute/Documents/js/e-commerce_back-end/src/Email_Service/Index.controller.ts] [Client IP: undefined] [undefined undefined]
30/Jun/2024:17:03:22 [ERROR] Error validating API key format: Error: Invalid API key format [Origin File: /home/mute/Documents/js/e-commerce_back-end/src/Validation_Service/Index.controller.ts] [Client IP: undefined] [undefined undefined]
30/Jun/2024:17:03:22 [ERROR] Error validating refresh token format: Error: Invalid refresh token signature [Origin File: /home/mute/Documents/js/e-commerce_back-end/src/Validation_Service/Index.controller.ts] [Client IP: undefined] [undefined undefined]
30/Jun/2024:17:03:22 [ERROR] Error validating API key format: Error: Invalid API key format [Origin File: /home/mute/Documents/js/e-commerce_back-end/src/Validation_Service/Index.controller.ts] [Client IP: undefined] [undefined undefined]
30/Jun/2024:17:03:22 [ERROR] Error validating refresh token format: Error: Invalid refresh token format [Origin File: /home/mute/Documents/js/e-commerce_back-end/src/Validation_Service/Index.controller.ts] [Client IP: undefined] [undefined undefined]
30/Jun/2024:17:03:22 [ERROR] Invalid product data provided for creation [Origin File: /home/mute/Documents/js/e-commerce_back-end/src/Product_Service/Index.controller.ts] [Client IP: undefined] [undefined undefined]
30/Jun/2024:17:03:22 [ERROR] Invalid product data provided for creation [Origin File: /home/mute/Documents/js/e-commerce_back-end/src/Product_Service/Index.controller.ts] [Client IP: undefined] [undefined undefined]
30/Jun/2024:17:03:22 [ERROR] Product with ID 999 not found [Origin File: /home/mute/Documents/js/e-commerce_back-end/src/Product_Service/Index.controller.ts] [Client IP: undefined] [undefined undefined]
30/Jun/2024:17:03:22 [ERROR] Product ID is required for update [Origin File: /home/mute/Documents/js/e-commerce_back-end/src/Product_Service/Index.controller.ts] [Client IP: undefined] [undefined undefined]
30/Jun/2024:17:03:22 [ERROR] Error updating product with ID 1: Error: Database error [Origin File: /home/mute/Documents/js/e-commerce_back-end/src/Product_Service/Index.controller.ts] [Client IP: undefined] [undefined undefined]
30/Jun/2024:17:03:22 [ERROR] Product with ID 5 not found [Origin File: /home/mute/Documents/js/e-commerce_back-end/src/Product_Service/Index.controller.ts] [Client IP: undefined] [undefined undefined]
30/Jun/2024:17:03:22 [ERROR] Failed to send email to mute@localhost: Error: Failed to send email [Origin File: /home/mute/Documents/js/e-commerce_back-end/src/Email_Service/Index.controller.ts] [Client IP: undefined] [undefined undefined]
30/Jun/2024:17:06:45 [ERROR] Error validating API key format: Error: Invalid API key format [Origin File: /home/mute/Documents/js/e-commerce_back-end/src/Validation_Service/Index.controller.ts] [Client IP: undefined] [undefined undefined]
30/Jun/2024:17:06:45 [ERROR] Error validating refresh token format: Error: Invalid refresh token signature [Origin File: /home/mute/Documents/js/e-commerce_back-end/src/Validation_Service/Index.controller.ts] [Client IP: undefined] [undefined undefined]
30/Jun/2024:17:06:45 [ERROR] Error validating API key format: Error: Invalid API key format [Origin File: /home/mute/Documents/js/e-commerce_back-end/src/Validation_Service/Index.controller.ts] [Client IP: undefined] [undefined undefined]
30/Jun/2024:17:06:45 [ERROR] Error validating refresh token format: Error: Invalid refresh token format [Origin File: /home/mute/Documents/js/e-commerce_back-end/src/Validation_Service/Index.controller.ts] [Client IP: undefined] [undefined undefined]
30/Jun/2024:17:06:46 [ERROR] Failed to send email to mute@localhost: Error: Failed to send email [Origin File: /home/mute/Documents/js/e-commerce_back-end/src/Email_Service/Index.controller.ts] [Client IP: undefined] [undefined undefined]
30/Jun/2024:17:06:46 [ERROR] Invalid product data provided for creation [Origin File: /home/mute/Documents/js/e-commerce_back-end/src/Product_Service/Index.controller.ts] [Client IP: undefined] [undefined undefined]
30/Jun/2024:17:06:46 [ERROR] Invalid product data provided for creation [Origin File: /home/mute/Documents/js/e-commerce_back-end/src/Product_Service/Index.controller.ts] [Client IP: undefined] [undefined undefined]
30/Jun/2024:17:06:46 [ERROR] Product with ID 999 not found [Origin File: /home/mute/Documents/js/e-commerce_back-end/src/Product_Service/Index.controller.ts] [Client IP: undefined] [undefined undefined]
30/Jun/2024:17:06:46 [ERROR] Product ID is required for update [Origin File: /home/mute/Documents/js/e-commerce_back-end/src/Product_Service/Index.controller.ts] [Client IP: undefined] [undefined undefined]
30/Jun/2024:17:06:46 [ERROR] Error updating product with ID 1: Error: Database error [Origin File: /home/mute/Documents/js/e-commerce_back-end/src/Product_Service/Index.controller.ts] [Client IP: undefined] [undefined undefined]
30/Jun/2024:17:06:46 [ERROR] Product with ID 5 not found [Origin File: /home/mute/Documents/js/e-commerce_back-end/src/Product_Service/Index.controller.ts] [Client IP: undefined] [undefined undefined]
30/Jun/2024:17:10:16 [ERROR] Error validating API key format: Error: Invalid API key format [Origin File: /home/mute/Documents/js/e-commerce_back-end/src/Validation_Service/Index.controller.ts] [Client IP: undefined] [undefined undefined]
30/Jun/2024:17:10:16 [ERROR] Error validating refresh token format: Error: Invalid refresh token signature [Origin File: /home/mute/Documents/js/e-commerce_back-end/src/Validation_Service/Index.controller.ts] [Client IP: undefined] [undefined undefined]
30/Jun/2024:17:10:16 [ERROR] Error validating API key format: Error: Invalid API key format [Origin File: /home/mute/Documents/js/e-commerce_back-end/src/Validation_Service/Index.controller.ts] [Client IP: undefined] [undefined undefined]
30/Jun/2024:17:10:16 [ERROR] Error validating refresh token format: Error: Invalid refresh token format [Origin File: /home/mute/Documents/js/e-commerce_back-end/src/Validation_Service/Index.controller.ts] [Client IP: undefined] [undefined undefined]
30/Jun/2024:17:10:17 [ERROR] Failed to send email to mute@localhost: Error: Failed to send email [Origin File: /home/mute/Documents/js/e-commerce_back-end/src/Email_Service/Index.controller.ts] [Client IP: undefined] [undefined undefined]
30/Jun/2024:17:10:17 [ERROR] Invalid product data provided for creation [Origin File: /home/mute/Documents/js/e-commerce_back-end/src/Product_Service/Index.controller.ts] [Client IP: undefined] [undefined undefined]
30/Jun/2024:17:10:17 [ERROR] Invalid product data provided for creation [Origin File: /home/mute/Documents/js/e-commerce_back-end/src/Product_Service/Index.controller.ts] [Client IP: undefined] [undefined undefined]
30/Jun/2024:17:10:17 [ERROR] Product with ID 999 not found [Origin File: /home/mute/Documents/js/e-commerce_back-end/src/Product_Service/Index.controller.ts] [Client IP: undefined] [undefined undefined]
30/Jun/2024:17:10:17 [ERROR] Product ID is required for update [Origin File: /home/mute/Documents/js/e-commerce_back-end/src/Product_Service/Index.controller.ts] [Client IP: undefined] [undefined undefined]
30/Jun/2024:17:10:17 [ERROR] Error updating product with ID 1: Error: Database error [Origin File: /home/mute/Documents/js/e-commerce_back-end/src/Product_Service/Index.controller.ts] [Client IP: undefined] [undefined undefined]
30/Jun/2024:17:10:17 [ERROR] Product with ID 5 not found [Origin File: /home/mute/Documents/js/e-commerce_back-end/src/Product_Service/Index.controller.ts] [Client IP: undefined] [undefined undefined]
30/Jun/2024:17:15:29 [ERROR] Error validating API key format: Error: Invalid API key format [Origin File: /home/mute/Documents/js/e-commerce_back-end/src/Validation_Service/Index.controller.ts] [Client IP: undefined] [undefined undefined]
30/Jun/2024:17:15:29 [ERROR] Error validating refresh token format: Error: Invalid refresh token signature [Origin File: /home/mute/Documents/js/e-commerce_back-end/src/Validation_Service/Index.controller.ts] [Client IP: undefined] [undefined undefined]
30/Jun/2024:17:15:29 [ERROR] Error validating API key format: Error: Invalid API key format [Origin File: /home/mute/Documents/js/e-commerce_back-end/src/Validation_Service/Index.controller.ts] [Client IP: undefined] [undefined undefined]
30/Jun/2024:17:15:29 [ERROR] Error validating refresh token format: Error: Invalid refresh token format [Origin File: /home/mute/Documents/js/e-commerce_back-end/src/Validation_Service/Index.controller.ts] [Client IP: undefined] [undefined undefined]
30/Jun/2024:17:15:29 [ERROR] Failed to send email to mute@localhost: Error: Failed to send email [Origin File: /home/mute/Documents/js/e-commerce_back-end/src/Email_Service/Index.controller.ts] [Client IP: undefined] [undefined undefined]
30/Jun/2024:17:15:29 [ERROR] Invalid product data provided for creation [Origin File: /home/mute/Documents/js/e-commerce_back-end/src/Product_Service/Index.controller.ts] [Client IP: undefined] [undefined undefined]
30/Jun/2024:17:15:29 [ERROR] Invalid product data provided for creation [Origin File: /home/mute/Documents/js/e-commerce_back-end/src/Product_Service/Index.controller.ts] [Client IP: undefined] [undefined undefined]
30/Jun/2024:17:15:29 [ERROR] Product with ID 999 not found [Origin File: /home/mute/Documents/js/e-commerce_back-end/src/Product_Service/Index.controller.ts] [Client IP: undefined] [undefined undefined]
30/Jun/2024:17:15:29 [ERROR] Product ID is required for update [Origin File: /home/mute/Documents/js/e-commerce_back-end/src/Product_Service/Index.controller.ts] [Client IP: undefined] [undefined undefined]
30/Jun/2024:17:15:29 [ERROR] Error updating product with ID 1: Error: Database error [Origin File: /home/mute/Documents/js/e-commerce_back-end/src/Product_Service/Index.controller.ts] [Client IP: undefined] [undefined undefined]
30/Jun/2024:17:15:29 [ERROR] Product with ID 5 not found [Origin File: /home/mute/Documents/js/e-commerce_back-end/src/Product_Service/Index.controller.ts] [Client IP: undefined] [undefined undefined]
30/Jun/2024:17:19:09 [ERROR] Error validating API key format: Error: Invalid API key format [Origin File: /home/mute/Documents/js/e-commerce_back-end/src/Validation_Service/Index.controller.ts] [Client IP: undefined] [undefined undefined]
30/Jun/2024:17:19:09 [ERROR] Error validating refresh token format: Error: Invalid refresh token signature [Origin File: /home/mute/Documents/js/e-commerce_back-end/src/Validation_Service/Index.controller.ts] [Client IP: undefined] [undefined undefined]
30/Jun/2024:17:19:09 [ERROR] Error validating API key format: Error: Invalid API key format [Origin File: /home/mute/Documents/js/e-commerce_back-end/src/Validation_Service/Index.controller.ts] [Client IP: undefined] [undefined undefined]
30/Jun/2024:17:19:09 [ERROR] Error validating refresh token format: Error: Invalid refresh token format [Origin File: /home/mute/Documents/js/e-commerce_back-end/src/Validation_Service/Index.controller.ts] [Client IP: undefined] [undefined undefined]
30/Jun/2024:17:19:09 [ERROR] Failed to send email to mute@localhost: Error: Failed to send email [Origin File: /home/mute/Documents/js/e-commerce_back-end/src/Email_Service/Index.controller.ts] [Client IP: undefined] [undefined undefined]
30/Jun/2024:17:19:09 [ERROR] Invalid product data provided for creation [Origin File: /home/mute/Documents/js/e-commerce_back-end/src/Product_Service/Index.controller.ts] [Client IP: undefined] [undefined undefined]
30/Jun/2024:17:19:09 [ERROR] Invalid product data provided for creation [Origin File: /home/mute/Documents/js/e-commerce_back-end/src/Product_Service/Index.controller.ts] [Client IP: undefined] [undefined undefined]
30/Jun/2024:17:19:09 [ERROR] Product with ID 999 not found [Origin File: /home/mute/Documents/js/e-commerce_back-end/src/Product_Service/Index.controller.ts] [Client IP: undefined] [undefined undefined]
30/Jun/2024:17:19:09 [ERROR] Product ID is required for update [Origin File: /home/mute/Documents/js/e-commerce_back-end/src/Product_Service/Index.controller.ts] [Client IP: undefined] [undefined undefined]
30/Jun/2024:17:19:09 [ERROR] Error updating product with ID 1: Error: Database error [Origin File: /home/mute/Documents/js/e-commerce_back-end/src/Product_Service/Index.controller.ts] [Client IP: undefined] [undefined undefined]
30/Jun/2024:17:19:09 [ERROR] Product with ID 5 not found [Origin File: /home/mute/Documents/js/e-commerce_back-end/src/Product_Service/Index.controller.ts] [Client IP: undefined] [undefined undefined]
30/Jun/2024:17:21:14 [ERROR] Error validating API key format: Error: Invalid API key format [Origin File: /home/mute/Documents/js/e-commerce_back-end/src/Validation_Service/Index.controller.ts] [Client IP: undefined] [undefined undefined]
30/Jun/2024:17:21:14 [ERROR] Error validating refresh token format: Error: Invalid refresh token signature [Origin File: /home/mute/Documents/js/e-commerce_back-end/src/Validation_Service/Index.controller.ts] [Client IP: undefined] [undefined undefined]
30/Jun/2024:17:21:14 [ERROR] Error validating API key format: Error: Invalid API key format [Origin File: /home/mute/Documents/js/e-commerce_back-end/src/Validation_Service/Index.controller.ts] [Client IP: undefined] [undefined undefined]
30/Jun/2024:17:21:14 [ERROR] Error validating refresh token format: Error: Invalid refresh token format [Origin File: /home/mute/Documents/js/e-commerce_back-end/src/Validation_Service/Index.controller.ts] [Client IP: undefined] [undefined undefined]
30/Jun/2024:17:21:14 [ERROR] Failed to send email to mute@localhost: Error: Failed to send email [Origin File: /home/mute/Documents/js/e-commerce_back-end/src/Email_Service/Index.controller.ts] [Client IP: undefined] [undefined undefined]
30/Jun/2024:17:21:15 [ERROR] Invalid product data provided for creation [Origin File: /home/mute/Documents/js/e-commerce_back-end/src/Product_Service/Index.controller.ts] [Client IP: undefined] [undefined undefined]
30/Jun/2024:17:21:15 [ERROR] Invalid product data provided for creation [Origin File: /home/mute/Documents/js/e-commerce_back-end/src/Product_Service/Index.controller.ts] [Client IP: undefined] [undefined undefined]
30/Jun/2024:17:21:15 [ERROR] Product with ID 999 not found [Origin File: /home/mute/Documents/js/e-commerce_back-end/src/Product_Service/Index.controller.ts] [Client IP: undefined] [undefined undefined]
30/Jun/2024:17:21:15 [ERROR] Product ID is required for update [Origin File: /home/mute/Documents/js/e-commerce_back-end/src/Product_Service/Index.controller.ts] [Client IP: undefined] [undefined undefined]
30/Jun/2024:17:21:15 [ERROR] Error updating product with ID 1: Error: Database error [Origin File: /home/mute/Documents/js/e-commerce_back-end/src/Product_Service/Index.controller.ts] [Client IP: undefined] [undefined undefined]
30/Jun/2024:17:21:15 [ERROR] Product with ID 5 not found [Origin File: /home/mute/Documents/js/e-commerce_back-end/src/Product_Service/Index.controller.ts] [Client IP: undefined] [undefined undefined]
30/Jun/2024:17:26:01 [ERROR] Error validating API key format: Error: Invalid API key format [Origin File: /home/mute/Documents/js/e-commerce_back-end/src/Validation_Service/Index.controller.ts] [Client IP: undefined] [undefined undefined]
30/Jun/2024:17:26:01 [ERROR] Error validating refresh token format: Error: Invalid refresh token signature [Origin File: /home/mute/Documents/js/e-commerce_back-end/src/Validation_Service/Index.controller.ts] [Client IP: undefined] [undefined undefined]
30/Jun/2024:17:26:01 [ERROR] Error validating API key format: Error: Invalid API key format [Origin File: /home/mute/Documents/js/e-commerce_back-end/src/Validation_Service/Index.controller.ts] [Client IP: undefined] [undefined undefined]
30/Jun/2024:17:26:01 [ERROR] Error validating refresh token format: Error: Invalid refresh token format [Origin File: /home/mute/Documents/js/e-commerce_back-end/src/Validation_Service/Index.controller.ts] [Client IP: undefined] [undefined undefined]
30/Jun/2024:17:26:02 [ERROR] Failed to send email to mute@localhost: Error: Failed to send email [Origin File: /home/mute/Documents/js/e-commerce_back-end/src/Email_Service/Index.controller.ts] [Client IP: undefined] [undefined undefined]
30/Jun/2024:17:26:02 [ERROR] Invalid product data provided for creation [Origin File: /home/mute/Documents/js/e-commerce_back-end/src/Product_Service/Index.controller.ts] [Client IP: undefined] [undefined undefined]
30/Jun/2024:17:26:02 [ERROR] Invalid product data provided for creation [Origin File: /home/mute/Documents/js/e-commerce_back-end/src/Product_Service/Index.controller.ts] [Client IP: undefined] [undefined undefined]
30/Jun/2024:17:26:02 [ERROR] Product with ID 999 not found [Origin File: /home/mute/Documents/js/e-commerce_back-end/src/Product_Service/Index.controller.ts] [Client IP: undefined] [undefined undefined]
30/Jun/2024:17:26:02 [ERROR] Product ID is required for update [Origin File: /home/mute/Documents/js/e-commerce_back-end/src/Product_Service/Index.controller.ts] [Client IP: undefined] [undefined undefined]
30/Jun/2024:17:26:02 [ERROR] Error updating product with ID 1: Error: Database error [Origin File: /home/mute/Documents/js/e-commerce_back-end/src/Product_Service/Index.controller.ts] [Client IP: undefined] [undefined undefined]
30/Jun/2024:17:26:02 [ERROR] Product with ID 5 not found [Origin File: /home/mute/Documents/js/e-commerce_back-end/src/Product_Service/Index.controller.ts] [Client IP: undefined] [undefined undefined]
30/Jun/2024:17:29:45 [ERROR] Failed to send email to mute@localhost: Error: Failed to send email [Origin File: /home/mute/Documents/js/e-commerce_back-end/src/Email_Service/Index.controller.ts] [Client IP: undefined] [undefined undefined]
30/Jun/2024:17:29:45 [ERROR] Error validating API key format: Error: Invalid API key format [Origin File: /home/mute/Documents/js/e-commerce_back-end/src/Validation_Service/Index.controller.ts] [Client IP: undefined] [undefined undefined]
30/Jun/2024:17:29:45 [ERROR] Error validating refresh token format: Error: Invalid refresh token signature [Origin File: /home/mute/Documents/js/e-commerce_back-end/src/Validation_Service/Index.controller.ts] [Client IP: undefined] [undefined undefined]
30/Jun/2024:17:29:45 [ERROR] Error validating API key format: Error: Invalid API key format [Origin File: /home/mute/Documents/js/e-commerce_back-end/src/Validation_Service/Index.controller.ts] [Client IP: undefined] [undefined undefined]
30/Jun/2024:17:29:45 [ERROR] Error validating refresh token format: Error: Invalid refresh token format [Origin File: /home/mute/Documents/js/e-commerce_back-end/src/Validation_Service/Index.controller.ts] [Client IP: undefined] [undefined undefined]
30/Jun/2024:17:29:45 [ERROR] Invalid product data provided for creation [Origin File: /home/mute/Documents/js/e-commerce_back-end/src/Product_Service/Index.controller.ts] [Client IP: undefined] [undefined undefined]
30/Jun/2024:17:29:45 [ERROR] Invalid product data provided for creation [Origin File: /home/mute/Documents/js/e-commerce_back-end/src/Product_Service/Index.controller.ts] [Client IP: undefined] [undefined undefined]
30/Jun/2024:17:29:45 [ERROR] Product with ID 999 not found [Origin File: /home/mute/Documents/js/e-commerce_back-end/src/Product_Service/Index.controller.ts] [Client IP: undefined] [undefined undefined]
30/Jun/2024:17:29:45 [ERROR] Product ID is required for update [Origin File: /home/mute/Documents/js/e-commerce_back-end/src/Product_Service/Index.controller.ts] [Client IP: undefined] [undefined undefined]
30/Jun/2024:17:29:45 [ERROR] Error updating product with ID 1: Error: Database error [Origin File: /home/mute/Documents/js/e-commerce_back-end/src/Product_Service/Index.controller.ts] [Client IP: undefined] [undefined undefined]
30/Jun/2024:17:29:45 [ERROR] Product with ID 5 not found [Origin File: /home/mute/Documents/js/e-commerce_back-end/src/Product_Service/Index.controller.ts] [Client IP: undefined] [undefined undefined]
30/Jun/2024:17:30:12 [ERROR] Error validating API key format: Error: Invalid API key format [Origin File: /home/mute/Documents/js/e-commerce_back-end/src/Validation_Service/Index.controller.ts] [Client IP: undefined] [undefined undefined]
30/Jun/2024:17:30:12 [ERROR] Error validating refresh token format: Error: Invalid refresh token signature [Origin File: /home/mute/Documents/js/e-commerce_back-end/src/Validation_Service/Index.controller.ts] [Client IP: undefined] [undefined undefined]
30/Jun/2024:17:30:12 [ERROR] Error validating API key format: Error: Invalid API key format [Origin File: /home/mute/Documents/js/e-commerce_back-end/src/Validation_Service/Index.controller.ts] [Client IP: undefined] [undefined undefined]
30/Jun/2024:17:30:12 [ERROR] Error validating refresh token format: Error: Invalid refresh token format [Origin File: /home/mute/Documents/js/e-commerce_back-end/src/Validation_Service/Index.controller.ts] [Client IP: undefined] [undefined undefined]
30/Jun/2024:17:30:12 [ERROR] Failed to send email to mute@localhost: Error: Failed to send email [Origin File: /home/mute/Documents/js/e-commerce_back-end/src/Email_Service/Index.controller.ts] [Client IP: undefined] [undefined undefined]
30/Jun/2024:17:30:12 [ERROR] Invalid product data provided for creation [Origin File: /home/mute/Documents/js/e-commerce_back-end/src/Product_Service/Index.controller.ts] [Client IP: undefined] [undefined undefined]
30/Jun/2024:17:30:12 [ERROR] Invalid product data provided for creation [Origin File: /home/mute/Documents/js/e-commerce_back-end/src/Product_Service/Index.controller.ts] [Client IP: undefined] [undefined undefined]
30/Jun/2024:17:30:13 [ERROR] Product with ID 999 not found [Origin File: /home/mute/Documents/js/e-commerce_back-end/src/Product_Service/Index.controller.ts] [Client IP: undefined] [undefined undefined]
30/Jun/2024:17:30:13 [ERROR] Product ID is required for update [Origin File: /home/mute/Documents/js/e-commerce_back-end/src/Product_Service/Index.controller.ts] [Client IP: undefined] [undefined undefined]
30/Jun/2024:17:30:13 [ERROR] Error updating product with ID 1: Error: Database error [Origin File: /home/mute/Documents/js/e-commerce_back-end/src/Product_Service/Index.controller.ts] [Client IP: undefined] [undefined undefined]
30/Jun/2024:17:30:13 [ERROR] Product with ID 5 not found [Origin File: /home/mute/Documents/js/e-commerce_back-end/src/Product_Service/Index.controller.ts] [Client IP: undefined] [undefined undefined]
30/Jun/2024:17:32:31 [ERROR] Error validating API key format: Error: Invalid API key format [Origin File: /home/mute/Documents/js/e-commerce_back-end/src/Validation_Service/Index.controller.ts] [Client IP: undefined] [undefined undefined]
30/Jun/2024:17:32:31 [ERROR] Error validating refresh token format: Error: Invalid refresh token signature [Origin File: /home/mute/Documents/js/e-commerce_back-end/src/Validation_Service/Index.controller.ts] [Client IP: undefined] [undefined undefined]
30/Jun/2024:17:32:31 [ERROR] Error validating API key format: Error: Invalid API key format [Origin File: /home/mute/Documents/js/e-commerce_back-end/src/Validation_Service/Index.controller.ts] [Client IP: undefined] [undefined undefined]
30/Jun/2024:17:32:31 [ERROR] Error validating refresh token format: Error: Invalid refresh token format [Origin File: /home/mute/Documents/js/e-commerce_back-end/src/Validation_Service/Index.controller.ts] [Client IP: undefined] [undefined undefined]
30/Jun/2024:17:32:31 [ERROR] Invalid product data provided for creation [Origin File: /home/mute/Documents/js/e-commerce_back-end/src/Product_Service/Index.controller.ts] [Client IP: undefined] [undefined undefined]
30/Jun/2024:17:32:31 [ERROR] Invalid product data provided for creation [Origin File: /home/mute/Documents/js/e-commerce_back-end/src/Product_Service/Index.controller.ts] [Client IP: undefined] [undefined undefined]
30/Jun/2024:17:32:31 [ERROR] Product with ID 999 not found [Origin File: /home/mute/Documents/js/e-commerce_back-end/src/Product_Service/Index.controller.ts] [Client IP: undefined] [undefined undefined]
30/Jun/2024:17:32:31 [ERROR] Product ID is required for update [Origin File: /home/mute/Documents/js/e-commerce_back-end/src/Product_Service/Index.controller.ts] [Client IP: undefined] [undefined undefined]
30/Jun/2024:17:32:31 [ERROR] Error updating product with ID 1: Error: Database error [Origin File: /home/mute/Documents/js/e-commerce_back-end/src/Product_Service/Index.controller.ts] [Client IP: undefined] [undefined undefined]
30/Jun/2024:17:32:31 [ERROR] Product with ID 5 not found [Origin File: /home/mute/Documents/js/e-commerce_back-end/src/Product_Service/Index.controller.ts] [Client IP: undefined] [undefined undefined]
30/Jun/2024:17:32:31 [ERROR] Failed to send email to mute@localhost: Error: Failed to send email [Origin File: /home/mute/Documents/js/e-commerce_back-end/src/Email_Service/Index.controller.ts] [Client IP: undefined] [undefined undefined]
30/Jun/2024:17:41:08 [ERROR] Error validating API key format: Error: Invalid API key format [Origin File: /home/mute/Documents/js/e-commerce_back-end/src/Validation_Service/Index.controller.ts] [Client IP: undefined] [undefined undefined]
30/Jun/2024:17:41:08 [ERROR] Error validating refresh token format: Error: Invalid refresh token signature [Origin File: /home/mute/Documents/js/e-commerce_back-end/src/Validation_Service/Index.controller.ts] [Client IP: undefined] [undefined undefined]
30/Jun/2024:17:41:08 [ERROR] Error validating API key format: Error: Invalid API key format [Origin File: /home/mute/Documents/js/e-commerce_back-end/src/Validation_Service/Index.controller.ts] [Client IP: undefined] [undefined undefined]
30/Jun/2024:17:41:08 [ERROR] Error validating refresh token format: Error: Invalid refresh token format [Origin File: /home/mute/Documents/js/e-commerce_back-end/src/Validation_Service/Index.controller.ts] [Client IP: undefined] [undefined undefined]
30/Jun/2024:17:41:09 [ERROR] Failed to send email to mute@localhost: Error: Failed to send email [Origin File: /home/mute/Documents/js/e-commerce_back-end/src/Email_Service/Index.controller.ts] [Client IP: undefined] [undefined undefined]
30/Jun/2024:17:41:09 [ERROR] Invalid product data provided for creation [Origin File: /home/mute/Documents/js/e-commerce_back-end/src/Product_Service/Index.controller.ts] [Client IP: undefined] [undefined undefined]
30/Jun/2024:17:41:09 [ERROR] Invalid product data provided for creation [Origin File: /home/mute/Documents/js/e-commerce_back-end/src/Product_Service/Index.controller.ts] [Client IP: undefined] [undefined undefined]
30/Jun/2024:17:41:09 [ERROR] Product with ID 999 not found [Origin File: /home/mute/Documents/js/e-commerce_back-end/src/Product_Service/Index.controller.ts] [Client IP: undefined] [undefined undefined]
30/Jun/2024:17:41:09 [ERROR] Product ID is required for update [Origin File: /home/mute/Documents/js/e-commerce_back-end/src/Product_Service/Index.controller.ts] [Client IP: undefined] [undefined undefined]
30/Jun/2024:17:41:09 [ERROR] Error updating product with ID 1: Error: Database error [Origin File: /home/mute/Documents/js/e-commerce_back-end/src/Product_Service/Index.controller.ts] [Client IP: undefined] [undefined undefined]
30/Jun/2024:17:41:09 [ERROR] Product with ID 5 not found [Origin File: /home/mute/Documents/js/e-commerce_back-end/src/Product_Service/Index.controller.ts] [Client IP: undefined] [undefined undefined]
30/Jun/2024:17:44:14 [ERROR] Error validating API key format: Error: Invalid API key format [Origin File: /home/mute/Documents/js/e-commerce_back-end/src/Validation_Service/Index.controller.ts] [Client IP: undefined] [undefined undefined]
30/Jun/2024:17:44:14 [ERROR] Error validating refresh token format: Error: Invalid refresh token signature [Origin File: /home/mute/Documents/js/e-commerce_back-end/src/Validation_Service/Index.controller.ts] [Client IP: undefined] [undefined undefined]
30/Jun/2024:17:44:14 [ERROR] Error validating API key format: Error: Invalid API key format [Origin File: /home/mute/Documents/js/e-commerce_back-end/src/Validation_Service/Index.controller.ts] [Client IP: undefined] [undefined undefined]
30/Jun/2024:17:44:14 [ERROR] Error validating refresh token format: Error: Invalid refresh token format [Origin File: /home/mute/Documents/js/e-commerce_back-end/src/Validation_Service/Index.controller.ts] [Client IP: undefined] [undefined undefined]
30/Jun/2024:17:44:14 [ERROR] Invalid product data provided for creation [Origin File: /home/mute/Documents/js/e-commerce_back-end/src/Product_Service/Index.controller.ts] [Client IP: undefined] [undefined undefined]
30/Jun/2024:17:44:14 [ERROR] Invalid product data provided for creation [Origin File: /home/mute/Documents/js/e-commerce_back-end/src/Product_Service/Index.controller.ts] [Client IP: undefined] [undefined undefined]
30/Jun/2024:17:44:14 [ERROR] Product with ID 999 not found [Origin File: /home/mute/Documents/js/e-commerce_back-end/src/Product_Service/Index.controller.ts] [Client IP: undefined] [undefined undefined]
30/Jun/2024:17:44:14 [ERROR] Product ID is required for update [Origin File: /home/mute/Documents/js/e-commerce_back-end/src/Product_Service/Index.controller.ts] [Client IP: undefined] [undefined undefined]
30/Jun/2024:17:44:14 [ERROR] Error updating product with ID 1: Error: Database error [Origin File: /home/mute/Documents/js/e-commerce_back-end/src/Product_Service/Index.controller.ts] [Client IP: undefined] [undefined undefined]
30/Jun/2024:17:44:14 [ERROR] Product with ID 5 not found [Origin File: /home/mute/Documents/js/e-commerce_back-end/src/Product_Service/Index.controller.ts] [Client IP: undefined] [undefined undefined]
30/Jun/2024:17:44:15 [ERROR] Failed to send email to mute@localhost: Error: Failed to send email [Origin File: /home/mute/Documents/js/e-commerce_back-end/src/Email_Service/Index.controller.ts] [Client IP: undefined] [undefined undefined]
30/Jun/2024:17:48:29 [ERROR] Error validating API key format: Error: Invalid API key format [Origin File: /home/mute/Documents/js/e-commerce_back-end/src/Validation_Service/Index.controller.ts] [Client IP: undefined] [undefined undefined]
30/Jun/2024:17:48:29 [ERROR] Error validating refresh token format: Error: Invalid refresh token signature [Origin File: /home/mute/Documents/js/e-commerce_back-end/src/Validation_Service/Index.controller.ts] [Client IP: undefined] [undefined undefined]
30/Jun/2024:17:48:29 [ERROR] Error validating API key format: Error: Invalid API key format [Origin File: /home/mute/Documents/js/e-commerce_back-end/src/Validation_Service/Index.controller.ts] [Client IP: undefined] [undefined undefined]
30/Jun/2024:17:48:29 [ERROR] Error validating refresh token format: Error: Invalid refresh token format [Origin File: /home/mute/Documents/js/e-commerce_back-end/src/Validation_Service/Index.controller.ts] [Client IP: undefined] [undefined undefined]
30/Jun/2024:17:48:29 [ERROR] Failed to send email to mute@localhost: Error: Failed to send email [Origin File: /home/mute/Documents/js/e-commerce_back-end/src/Email_Service/Index.controller.ts] [Client IP: undefined] [undefined undefined]
30/Jun/2024:17:48:29 [ERROR] Invalid product data provided for creation [Origin File: /home/mute/Documents/js/e-commerce_back-end/src/Product_Service/Index.controller.ts] [Client IP: undefined] [undefined undefined]
30/Jun/2024:17:48:29 [ERROR] Invalid product data provided for creation [Origin File: /home/mute/Documents/js/e-commerce_back-end/src/Product_Service/Index.controller.ts] [Client IP: undefined] [undefined undefined]
30/Jun/2024:17:48:29 [ERROR] Product with ID 999 not found [Origin File: /home/mute/Documents/js/e-commerce_back-end/src/Product_Service/Index.controller.ts] [Client IP: undefined] [undefined undefined]
30/Jun/2024:17:48:29 [ERROR] Product ID is required for update [Origin File: /home/mute/Documents/js/e-commerce_back-end/src/Product_Service/Index.controller.ts] [Client IP: undefined] [undefined undefined]
30/Jun/2024:17:48:29 [ERROR] Error updating product with ID 1: Error: Database error [Origin File: /home/mute/Documents/js/e-commerce_back-end/src/Product_Service/Index.controller.ts] [Client IP: undefined] [undefined undefined]
30/Jun/2024:17:48:29 [ERROR] Product with ID 5 not found [Origin File: /home/mute/Documents/js/e-commerce_back-end/src/Product_Service/Index.controller.ts] [Client IP: undefined] [undefined undefined]
30/Jun/2024:18:04:02 [ERROR] Error validating API key format: Error: Invalid API key format [Origin File: /home/mute/Documents/js/e-commerce_back-end/src/Validation_Service/Index.controller.ts] [Client IP: undefined] [undefined undefined]
30/Jun/2024:18:04:02 [ERROR] Error validating refresh token format: Error: Invalid refresh token signature [Origin File: /home/mute/Documents/js/e-commerce_back-end/src/Validation_Service/Index.controller.ts] [Client IP: undefined] [undefined undefined]
30/Jun/2024:18:04:02 [ERROR] Error validating API key format: Error: Invalid API key format [Origin File: /home/mute/Documents/js/e-commerce_back-end/src/Validation_Service/Index.controller.ts] [Client IP: undefined] [undefined undefined]
30/Jun/2024:18:04:02 [ERROR] Error validating refresh token format: Error: Invalid refresh token format [Origin File: /home/mute/Documents/js/e-commerce_back-end/src/Validation_Service/Index.controller.ts] [Client IP: undefined] [undefined undefined]
30/Jun/2024:18:04:02 [ERROR] Failed to send email to mute@localhost: Error: Failed to send email [Origin File: /home/mute/Documents/js/e-commerce_back-end/src/Email_Service/Index.controller.ts] [Client IP: undefined] [undefined undefined]
30/Jun/2024:18:04:02 [ERROR] Invalid product data provided for creation [Origin File: /home/mute/Documents/js/e-commerce_back-end/src/Product_Service/Index.controller.ts] [Client IP: undefined] [undefined undefined]
30/Jun/2024:18:04:02 [ERROR] Invalid product data provided for creation [Origin File: /home/mute/Documents/js/e-commerce_back-end/src/Product_Service/Index.controller.ts] [Client IP: undefined] [undefined undefined]
30/Jun/2024:18:04:02 [ERROR] Product with ID 999 not found [Origin File: /home/mute/Documents/js/e-commerce_back-end/src/Product_Service/Index.controller.ts] [Client IP: undefined] [undefined undefined]
30/Jun/2024:18:04:02 [ERROR] Product ID is required for update [Origin File: /home/mute/Documents/js/e-commerce_back-end/src/Product_Service/Index.controller.ts] [Client IP: undefined] [undefined undefined]
30/Jun/2024:18:04:02 [ERROR] Error updating product with ID 1: Error: Database error [Origin File: /home/mute/Documents/js/e-commerce_back-end/src/Product_Service/Index.controller.ts] [Client IP: undefined] [undefined undefined]
30/Jun/2024:18:04:02 [ERROR] Product with ID 5 not found [Origin File: /home/mute/Documents/js/e-commerce_back-end/src/Product_Service/Index.controller.ts] [Client IP: undefined] [undefined undefined]
30/Jun/2024:18:06:38 [ERROR] Failed to send email to mute@localhost: Error: Failed to send email [Origin File: /home/mute/Documents/js/e-commerce_back-end/src/Email_Service/Index.controller.ts] [Client IP: undefined] [undefined undefined]
30/Jun/2024:18:06:38 [ERROR] Error validating API key format: Error: Invalid API key format [Origin File: /home/mute/Documents/js/e-commerce_back-end/src/Validation_Service/Index.controller.ts] [Client IP: undefined] [undefined undefined]
30/Jun/2024:18:06:38 [ERROR] Error validating refresh token format: Error: Invalid refresh token signature [Origin File: /home/mute/Documents/js/e-commerce_back-end/src/Validation_Service/Index.controller.ts] [Client IP: undefined] [undefined undefined]
30/Jun/2024:18:06:38 [ERROR] Error validating API key format: Error: Invalid API key format [Origin File: /home/mute/Documents/js/e-commerce_back-end/src/Validation_Service/Index.controller.ts] [Client IP: undefined] [undefined undefined]
30/Jun/2024:18:06:38 [ERROR] Error validating refresh token format: Error: Invalid refresh token format [Origin File: /home/mute/Documents/js/e-commerce_back-end/src/Validation_Service/Index.controller.ts] [Client IP: undefined] [undefined undefined]
30/Jun/2024:18:06:38 [ERROR] Invalid product data provided for creation [Origin File: /home/mute/Documents/js/e-commerce_back-end/src/Product_Service/Index.controller.ts] [Client IP: undefined] [undefined undefined]
30/Jun/2024:18:06:38 [ERROR] Invalid product data provided for creation [Origin File: /home/mute/Documents/js/e-commerce_back-end/src/Product_Service/Index.controller.ts] [Client IP: undefined] [undefined undefined]
30/Jun/2024:18:06:38 [ERROR] Product with ID 999 not found [Origin File: /home/mute/Documents/js/e-commerce_back-end/src/Product_Service/Index.controller.ts] [Client IP: undefined] [undefined undefined]
30/Jun/2024:18:06:38 [ERROR] Product ID is required for update [Origin File: /home/mute/Documents/js/e-commerce_back-end/src/Product_Service/Index.controller.ts] [Client IP: undefined] [undefined undefined]
30/Jun/2024:18:06:38 [ERROR] Error updating product with ID 1: Error: Database error [Origin File: /home/mute/Documents/js/e-commerce_back-end/src/Product_Service/Index.controller.ts] [Client IP: undefined] [undefined undefined]
30/Jun/2024:18:06:38 [ERROR] Product with ID 5 not found [Origin File: /home/mute/Documents/js/e-commerce_back-end/src/Product_Service/Index.controller.ts] [Client IP: undefined] [undefined undefined]
30/Jun/2024:18:07:58 [ERROR] Error validating API key format: Error: Invalid API key format [Origin File: /home/mute/Documents/js/e-commerce_back-end/src/Validation_Service/Index.controller.ts] [Client IP: undefined] [undefined undefined]
30/Jun/2024:18:07:58 [ERROR] Error validating refresh token format: Error: Invalid refresh token signature [Origin File: /home/mute/Documents/js/e-commerce_back-end/src/Validation_Service/Index.controller.ts] [Client IP: undefined] [undefined undefined]
30/Jun/2024:18:07:58 [ERROR] Error validating API key format: Error: Invalid API key format [Origin File: /home/mute/Documents/js/e-commerce_back-end/src/Validation_Service/Index.controller.ts] [Client IP: undefined] [undefined undefined]
30/Jun/2024:18:07:58 [ERROR] Error validating refresh token format: Error: Invalid refresh token format [Origin File: /home/mute/Documents/js/e-commerce_back-end/src/Validation_Service/Index.controller.ts] [Client IP: undefined] [undefined undefined]
30/Jun/2024:18:07:59 [ERROR] Failed to send email to mute@localhost: Error: Failed to send email [Origin File: /home/mute/Documents/js/e-commerce_back-end/src/Email_Service/Index.controller.ts] [Client IP: undefined] [undefined undefined]
30/Jun/2024:18:07:59 [ERROR] Invalid product data provided for creation [Origin File: /home/mute/Documents/js/e-commerce_back-end/src/Product_Service/Index.controller.ts] [Client IP: undefined] [undefined undefined]
30/Jun/2024:18:07:59 [ERROR] Invalid product data provided for creation [Origin File: /home/mute/Documents/js/e-commerce_back-end/src/Product_Service/Index.controller.ts] [Client IP: undefined] [undefined undefined]
30/Jun/2024:18:07:59 [ERROR] Product with ID 999 not found [Origin File: /home/mute/Documents/js/e-commerce_back-end/src/Product_Service/Index.controller.ts] [Client IP: undefined] [undefined undefined]
30/Jun/2024:18:07:59 [ERROR] Product ID is required for update [Origin File: /home/mute/Documents/js/e-commerce_back-end/src/Product_Service/Index.controller.ts] [Client IP: undefined] [undefined undefined]
30/Jun/2024:18:07:59 [ERROR] Error updating product with ID 1: Error: Database error [Origin File: /home/mute/Documents/js/e-commerce_back-end/src/Product_Service/Index.controller.ts] [Client IP: undefined] [undefined undefined]
30/Jun/2024:18:07:59 [ERROR] Product with ID 5 not found [Origin File: /home/mute/Documents/js/e-commerce_back-end/src/Product_Service/Index.controller.ts] [Client IP: undefined] [undefined undefined]
30/Jun/2024:18:09:17 [ERROR] Error validating API key format: Error: Invalid API key format [Origin File: /home/mute/Documents/js/e-commerce_back-end/src/Validation_Service/Index.controller.ts] [Client IP: undefined] [undefined undefined]
30/Jun/2024:18:09:17 [ERROR] Error validating refresh token format: Error: Invalid refresh token signature [Origin File: /home/mute/Documents/js/e-commerce_back-end/src/Validation_Service/Index.controller.ts] [Client IP: undefined] [undefined undefined]
30/Jun/2024:18:09:17 [ERROR] Error validating API key format: Error: Invalid API key format [Origin File: /home/mute/Documents/js/e-commerce_back-end/src/Validation_Service/Index.controller.ts] [Client IP: undefined] [undefined undefined]
30/Jun/2024:18:09:17 [ERROR] Error validating refresh token format: Error: Invalid refresh token format [Origin File: /home/mute/Documents/js/e-commerce_back-end/src/Validation_Service/Index.controller.ts] [Client IP: undefined] [undefined undefined]
30/Jun/2024:18:09:18 [ERROR] Failed to send email to mute@localhost: Error: Failed to send email [Origin File: /home/mute/Documents/js/e-commerce_back-end/src/Email_Service/Index.controller.ts] [Client IP: undefined] [undefined undefined]
30/Jun/2024:18:09:18 [ERROR] Invalid product data provided for creation [Origin File: /home/mute/Documents/js/e-commerce_back-end/src/Product_Service/Index.controller.ts] [Client IP: undefined] [undefined undefined]
30/Jun/2024:18:09:18 [ERROR] Invalid product data provided for creation [Origin File: /home/mute/Documents/js/e-commerce_back-end/src/Product_Service/Index.controller.ts] [Client IP: undefined] [undefined undefined]
30/Jun/2024:18:09:18 [ERROR] Product with ID 999 not found [Origin File: /home/mute/Documents/js/e-commerce_back-end/src/Product_Service/Index.controller.ts] [Client IP: undefined] [undefined undefined]
30/Jun/2024:18:09:18 [ERROR] Product ID is required for update [Origin File: /home/mute/Documents/js/e-commerce_back-end/src/Product_Service/Index.controller.ts] [Client IP: undefined] [undefined undefined]
30/Jun/2024:18:09:18 [ERROR] Error updating product with ID 1: Error: Database error [Origin File: /home/mute/Documents/js/e-commerce_back-end/src/Product_Service/Index.controller.ts] [Client IP: undefined] [undefined undefined]
30/Jun/2024:18:09:18 [ERROR] Product with ID 5 not found [Origin File: /home/mute/Documents/js/e-commerce_back-end/src/Product_Service/Index.controller.ts] [Client IP: undefined] [undefined undefined]
30/Jun/2024:18:11:33 [ERROR] Error validating API key format: Error: Invalid API key format [Origin File: /home/mute/Documents/js/e-commerce_back-end/src/Validation_Service/Index.controller.ts] [Client IP: undefined] [undefined undefined]
30/Jun/2024:18:11:33 [ERROR] Error validating refresh token format: Error: Invalid refresh token signature [Origin File: /home/mute/Documents/js/e-commerce_back-end/src/Validation_Service/Index.controller.ts] [Client IP: undefined] [undefined undefined]
30/Jun/2024:18:11:33 [ERROR] Error validating API key format: Error: Invalid API key format [Origin File: /home/mute/Documents/js/e-commerce_back-end/src/Validation_Service/Index.controller.ts] [Client IP: undefined] [undefined undefined]
30/Jun/2024:18:11:33 [ERROR] Error validating refresh token format: Error: Invalid refresh token format [Origin File: /home/mute/Documents/js/e-commerce_back-end/src/Validation_Service/Index.controller.ts] [Client IP: undefined] [undefined undefined]
30/Jun/2024:18:11:33 [ERROR] Failed to send email to mute@localhost: Error: Failed to send email [Origin File: /home/mute/Documents/js/e-commerce_back-end/src/Email_Service/Index.controller.ts] [Client IP: undefined] [undefined undefined]
30/Jun/2024:18:11:33 [ERROR] Invalid product data provided for creation [Origin File: /home/mute/Documents/js/e-commerce_back-end/src/Product_Service/Index.controller.ts] [Client IP: undefined] [undefined undefined]
30/Jun/2024:18:11:33 [ERROR] Invalid product data provided for creation [Origin File: /home/mute/Documents/js/e-commerce_back-end/src/Product_Service/Index.controller.ts] [Client IP: undefined] [undefined undefined]
30/Jun/2024:18:11:33 [ERROR] Product with ID 999 not found [Origin File: /home/mute/Documents/js/e-commerce_back-end/src/Product_Service/Index.controller.ts] [Client IP: undefined] [undefined undefined]
30/Jun/2024:18:11:33 [ERROR] Product ID is required for update [Origin File: /home/mute/Documents/js/e-commerce_back-end/src/Product_Service/Index.controller.ts] [Client IP: undefined] [undefined undefined]
30/Jun/2024:18:11:33 [ERROR] Error updating product with ID 1: Error: Database error [Origin File: /home/mute/Documents/js/e-commerce_back-end/src/Product_Service/Index.controller.ts] [Client IP: undefined] [undefined undefined]
30/Jun/2024:18:11:33 [ERROR] Product with ID 5 not found [Origin File: /home/mute/Documents/js/e-commerce_back-end/src/Product_Service/Index.controller.ts] [Client IP: undefined] [undefined undefined]
30/Jun/2024:18:12:15 [ERROR] Failed to send email to mute@localhost: Error: Failed to send email [Origin File: /home/mute/Documents/js/e-commerce_back-end/src/Email_Service/Index.controller.ts] [Client IP: undefined] [undefined undefined]
30/Jun/2024:18:12:15 [ERROR] Error validating API key format: Error: Invalid API key format [Origin File: /home/mute/Documents/js/e-commerce_back-end/src/Validation_Service/Index.controller.ts] [Client IP: undefined] [undefined undefined]
30/Jun/2024:18:12:15 [ERROR] Error validating refresh token format: Error: Invalid refresh token signature [Origin File: /home/mute/Documents/js/e-commerce_back-end/src/Validation_Service/Index.controller.ts] [Client IP: undefined] [undefined undefined]
30/Jun/2024:18:12:15 [ERROR] Error validating API key format: Error: Invalid API key format [Origin File: /home/mute/Documents/js/e-commerce_back-end/src/Validation_Service/Index.controller.ts] [Client IP: undefined] [undefined undefined]
30/Jun/2024:18:12:15 [ERROR] Error validating refresh token format: Error: Invalid refresh token format [Origin File: /home/mute/Documents/js/e-commerce_back-end/src/Validation_Service/Index.controller.ts] [Client IP: undefined] [undefined undefined]
30/Jun/2024:18:12:15 [ERROR] Invalid product data provided for creation [Origin File: /home/mute/Documents/js/e-commerce_back-end/src/Product_Service/Index.controller.ts] [Client IP: undefined] [undefined undefined]
30/Jun/2024:18:12:15 [ERROR] Invalid product data provided for creation [Origin File: /home/mute/Documents/js/e-commerce_back-end/src/Product_Service/Index.controller.ts] [Client IP: undefined] [undefined undefined]
30/Jun/2024:18:12:15 [ERROR] Product with ID 999 not found [Origin File: /home/mute/Documents/js/e-commerce_back-end/src/Product_Service/Index.controller.ts] [Client IP: undefined] [undefined undefined]
30/Jun/2024:18:12:15 [ERROR] Product ID is required for update [Origin File: /home/mute/Documents/js/e-commerce_back-end/src/Product_Service/Index.controller.ts] [Client IP: undefined] [undefined undefined]
30/Jun/2024:18:12:15 [ERROR] Error updating product with ID 1: Error: Database error [Origin File: /home/mute/Documents/js/e-commerce_back-end/src/Product_Service/Index.controller.ts] [Client IP: undefined] [undefined undefined]
30/Jun/2024:18:12:15 [ERROR] Product with ID 5 not found [Origin File: /home/mute/Documents/js/e-commerce_back-end/src/Product_Service/Index.controller.ts] [Client IP: undefined] [undefined undefined]
30/Jun/2024:18:13:43 [ERROR] Failed to send email to mute@localhost: Error: Failed to send email [Origin File: /home/mute/Documents/js/e-commerce_back-end/src/Email_Service/Index.controller.ts] [Client IP: undefined] [undefined undefined]
30/Jun/2024:18:13:43 [ERROR] Error validating API key format: Error: Invalid API key format [Origin File: /home/mute/Documents/js/e-commerce_back-end/src/Validation_Service/Index.controller.ts] [Client IP: undefined] [undefined undefined]
30/Jun/2024:18:13:43 [ERROR] Error validating refresh token format: Error: Invalid refresh token signature [Origin File: /home/mute/Documents/js/e-commerce_back-end/src/Validation_Service/Index.controller.ts] [Client IP: undefined] [undefined undefined]
30/Jun/2024:18:13:43 [ERROR] Error validating API key format: Error: Invalid API key format [Origin File: /home/mute/Documents/js/e-commerce_back-end/src/Validation_Service/Index.controller.ts] [Client IP: undefined] [undefined undefined]
30/Jun/2024:18:13:43 [ERROR] Error validating refresh token format: Error: Invalid refresh token format [Origin File: /home/mute/Documents/js/e-commerce_back-end/src/Validation_Service/Index.controller.ts] [Client IP: undefined] [undefined undefined]
30/Jun/2024:18:13:44 [ERROR] Invalid product data provided for creation [Origin File: /home/mute/Documents/js/e-commerce_back-end/src/Product_Service/Index.controller.ts] [Client IP: undefined] [undefined undefined]
30/Jun/2024:18:13:44 [ERROR] Invalid product data provided for creation [Origin File: /home/mute/Documents/js/e-commerce_back-end/src/Product_Service/Index.controller.ts] [Client IP: undefined] [undefined undefined]
30/Jun/2024:18:13:44 [ERROR] Product with ID 999 not found [Origin File: /home/mute/Documents/js/e-commerce_back-end/src/Product_Service/Index.controller.ts] [Client IP: undefined] [undefined undefined]
30/Jun/2024:18:13:44 [ERROR] Product ID is required for update [Origin File: /home/mute/Documents/js/e-commerce_back-end/src/Product_Service/Index.controller.ts] [Client IP: undefined] [undefined undefined]
30/Jun/2024:18:13:44 [ERROR] Error updating product with ID 1: Error: Database error [Origin File: /home/mute/Documents/js/e-commerce_back-end/src/Product_Service/Index.controller.ts] [Client IP: undefined] [undefined undefined]
30/Jun/2024:18:13:44 [ERROR] Product with ID 5 not found [Origin File: /home/mute/Documents/js/e-commerce_back-end/src/Product_Service/Index.controller.ts] [Client IP: undefined] [undefined undefined]
30/Jun/2024:18:16:10 [ERROR] Error validating API key format: Error: Invalid API key format [Origin File: /home/mute/Documents/js/e-commerce_back-end/src/Validation_Service/Index.controller.ts] [Client IP: undefined] [undefined undefined]
30/Jun/2024:18:16:10 [ERROR] Error validating refresh token format: Error: Invalid refresh token signature [Origin File: /home/mute/Documents/js/e-commerce_back-end/src/Validation_Service/Index.controller.ts] [Client IP: undefined] [undefined undefined]
30/Jun/2024:18:16:10 [ERROR] Error validating API key format: Error: Invalid API key format [Origin File: /home/mute/Documents/js/e-commerce_back-end/src/Validation_Service/Index.controller.ts] [Client IP: undefined] [undefined undefined]
30/Jun/2024:18:16:10 [ERROR] Error validating refresh token format: Error: Invalid refresh token format [Origin File: /home/mute/Documents/js/e-commerce_back-end/src/Validation_Service/Index.controller.ts] [Client IP: undefined] [undefined undefined]
30/Jun/2024:18:16:11 [ERROR] Failed to send email to mute@localhost: Error: Failed to send email [Origin File: /home/mute/Documents/js/e-commerce_back-end/src/Email_Service/Index.controller.ts] [Client IP: undefined] [undefined undefined]
30/Jun/2024:18:16:11 [ERROR] Invalid product data provided for creation [Origin File: /home/mute/Documents/js/e-commerce_back-end/src/Product_Service/Index.controller.ts] [Client IP: undefined] [undefined undefined]
30/Jun/2024:18:16:11 [ERROR] Invalid product data provided for creation [Origin File: /home/mute/Documents/js/e-commerce_back-end/src/Product_Service/Index.controller.ts] [Client IP: undefined] [undefined undefined]
30/Jun/2024:18:16:11 [ERROR] Product with ID 999 not found [Origin File: /home/mute/Documents/js/e-commerce_back-end/src/Product_Service/Index.controller.ts] [Client IP: undefined] [undefined undefined]
30/Jun/2024:18:16:11 [ERROR] Product ID is required for update [Origin File: /home/mute/Documents/js/e-commerce_back-end/src/Product_Service/Index.controller.ts] [Client IP: undefined] [undefined undefined]
30/Jun/2024:18:16:11 [ERROR] Error updating product with ID 1: Error: Database error [Origin File: /home/mute/Documents/js/e-commerce_back-end/src/Product_Service/Index.controller.ts] [Client IP: undefined] [undefined undefined]
30/Jun/2024:18:16:11 [ERROR] Product with ID 5 not found [Origin File: /home/mute/Documents/js/e-commerce_back-end/src/Product_Service/Index.controller.ts] [Client IP: undefined] [undefined undefined]
30/Jun/2024:18:18:26 [ERROR] Error validating API key format: Error: Invalid API key format [Origin File: /home/mute/Documents/js/e-commerce_back-end/src/Validation_Service/Index.controller.ts] [Client IP: undefined] [undefined undefined]
30/Jun/2024:18:18:26 [ERROR] Error validating refresh token format: Error: Invalid refresh token signature [Origin File: /home/mute/Documents/js/e-commerce_back-end/src/Validation_Service/Index.controller.ts] [Client IP: undefined] [undefined undefined]
30/Jun/2024:18:18:26 [ERROR] Error validating API key format: Error: Invalid API key format [Origin File: /home/mute/Documents/js/e-commerce_back-end/src/Validation_Service/Index.controller.ts] [Client IP: undefined] [undefined undefined]
30/Jun/2024:18:18:26 [ERROR] Error validating refresh token format: Error: Invalid refresh token format [Origin File: /home/mute/Documents/js/e-commerce_back-end/src/Validation_Service/Index.controller.ts] [Client IP: undefined] [undefined undefined]
30/Jun/2024:18:18:26 [ERROR] Failed to send email to mute@localhost: Error: Failed to send email [Origin File: /home/mute/Documents/js/e-commerce_back-end/src/Email_Service/Index.controller.ts] [Client IP: undefined] [undefined undefined]
30/Jun/2024:18:18:27 [ERROR] Invalid product data provided for creation [Origin File: /home/mute/Documents/js/e-commerce_back-end/src/Product_Service/Index.controller.ts] [Client IP: undefined] [undefined undefined]
30/Jun/2024:18:18:27 [ERROR] Invalid product data provided for creation [Origin File: /home/mute/Documents/js/e-commerce_back-end/src/Product_Service/Index.controller.ts] [Client IP: undefined] [undefined undefined]
30/Jun/2024:18:18:27 [ERROR] Product with ID 999 not found [Origin File: /home/mute/Documents/js/e-commerce_back-end/src/Product_Service/Index.controller.ts] [Client IP: undefined] [undefined undefined]
30/Jun/2024:18:18:27 [ERROR] Product ID is required for update [Origin File: /home/mute/Documents/js/e-commerce_back-end/src/Product_Service/Index.controller.ts] [Client IP: undefined] [undefined undefined]
30/Jun/2024:18:18:27 [ERROR] Error updating product with ID 1: Error: Database error [Origin File: /home/mute/Documents/js/e-commerce_back-end/src/Product_Service/Index.controller.ts] [Client IP: undefined] [undefined undefined]
30/Jun/2024:18:18:27 [ERROR] Product with ID 5 not found [Origin File: /home/mute/Documents/js/e-commerce_back-end/src/Product_Service/Index.controller.ts] [Client IP: undefined] [undefined undefined]
